<?xml version="1.0" encoding="UTF-8"?>
<testsuite xmlns:xsi="http://www.w3.org/2001/XMLSchema-instance" xsi:noNamespaceSchemaLocation="https://maven.apache.org/surefire/maven-surefire-plugin/xsd/surefire-test-report-3.0.xsd" version="3.0" name="com.trafficsimulator.engine.CommandQueueTest" time="0.139" tests="6" errors="0" skipped="0" failures="0">
  <properties>
[...]
</properties>
  <testcase name="concurrentEnqueue_100Threads_noConcurrentModificationException" classname="com.trafficsimulator.engine.CommandQueueTest" time="0.011">
    <system-out><![CDATA[2026-03-29T20:48:06.236+02:00  INFO 582251 --- [traffic-simulator] [           main] c.t.engine.CommandDispatcher             : Spawn rate updated to 0.0 veh/s
2026-03-29T20:48:06.236+02:00  INFO 582251 --- [traffic-simulator] [           main] c.t.engine.CommandDispatcher             : Spawn rate updated to 0.1 veh/s
2026-03-29T20:48:06.236+02:00  INFO 582251 --- [traffic-simulator] [           main] c.t.engine.CommandDispatcher             : Spawn rate updated to 0.2 veh/s
2026-03-29T20:48:06.236+02:00  INFO 582251 --- [traffic-simulator] [           main] c.t.engine.CommandDispatcher             : Spawn rate updated to 0.30000000000000004 veh/s
2026-03-29T20:48:06.236+02:00  INFO 582251 --- [traffic-simulator] [           main] c.t.engine.CommandDispatcher             : Spawn rate updated to 0.4 veh/s
2026-03-29T20:48:06.236+02:00  INFO 582251 --- [traffic-simulator] [           main] c.t.engine.CommandDispatcher             : Spawn rate updated to 0.5 veh/s
2026-03-29T20:48:06.236+02:00  INFO 582251 --- [traffic-simulator] [           main] c.t.engine.CommandDispatcher             : Spawn rate updated to 0.6000000000000001 veh/s
2026-03-29T20:48:06.236+02:00  INFO 582251 --- [traffic-simulator] [           main] c.t.engine.CommandDispatcher             : Spawn rate updated to 0.7000000000000001 veh/s
2026-03-29T20:48:06.236+02:00  INFO 582251 --- [traffic-simulator] [           main] c.t.engine.CommandDispatcher             : Spawn rate updated to 0.8 veh/s
2026-03-29T20:48:06.236+02:00  INFO 582251 --- [traffic-simulator] [           main] c.t.engine.CommandDispatcher             : Spawn rate updated to 0.9 veh/s
2026-03-29T20:48:06.236+02:00  INFO 582251 --- [traffic-simulator] [           main] c.t.engine.CommandDispatcher             : Spawn rate updated to 1.0 veh/s
2026-03-29T20:48:06.236+02:00  INFO 582251 --- [traffic-simulator] [           main] c.t.engine.CommandDispatcher             : Spawn rate updated to 1.1 veh/s
2026-03-29T20:48:06.236+02:00  INFO 582251 --- [traffic-simulator] [           main] c.t.engine.CommandDispatcher             : Spawn rate updated to 1.2000000000000002 veh/s
2026-03-29T20:48:06.236+02:00  INFO 582251 --- [traffic-simulator] [           main] c.t.engine.CommandDispatcher             : Spawn rate updated to 1.3 veh/s
2026-03-29T20:48:06.236+02:00  INFO 582251 --- [traffic-simulator] [           main] c.t.engine.CommandDispatcher             : Spawn rate updated to 1.4000000000000001 veh/s
2026-03-29T20:48:06.236+02:00  INFO 582251 --- [traffic-simulator] [           main] c.t.engine.CommandDispatcher             : Spawn rate updated to 1.5 veh/s
2026-03-29T20:48:06.236+02:00  INFO 582251 --- [traffic-simulator] [           main] c.t.engine.CommandDispatcher             : Spawn rate updated to 1.6 veh/s
2026-03-29T20:48:06.236+02:00  INFO 582251 --- [traffic-simulator] [           main] c.t.engine.CommandDispatcher             : Spawn rate updated to 1.7000000000000002 veh/s
2026-03-29T20:48:06.236+02:00  INFO 582251 --- [traffic-simulator] [           main] c.t.engine.CommandDispatcher             : Spawn rate updated to 1.8 veh/s
2026-03-29T20:48:06.236+02:00  INFO 582251 --- [traffic-simulator] [           main] c.t.engine.CommandDispatcher             : Spawn rate updated to 1.9000000000000001 veh/s
2026-03-29T20:48:06.236+02:00  INFO 582251 --- [traffic-simulator] [           main] c.t.engine.CommandDispatcher             : Spawn rate updated to 2.0 veh/s
2026-03-29T20:48:06.236+02:00  INFO 582251 --- [traffic-simulator] [           main] c.t.engine.CommandDispatcher             : Spawn rate updated to 2.1 veh/s
2026-03-29T20:48:06.236+02:00  INFO 582251 --- [traffic-simulator] [           main] c.t.engine.CommandDispatcher             : Spawn rate updated to 2.2 veh/s
2026-03-29T20:48:06.236+02:00  INFO 582251 --- [traffic-simulator] [           main] c.t.engine.CommandDispatcher             : Spawn rate updated to 2.3000000000000003 veh/s
2026-03-29T20:48:06.236+02:00  INFO 582251 --- [traffic-simulator] [           main] c.t.engine.CommandDispatcher             : Spawn rate updated to 2.4000000000000004 veh/s
2026-03-29T20:48:06.236+02:00  INFO 582251 --- [traffic-simulator] [           main] c.t.engine.CommandDispatcher             : Spawn rate updated to 2.5 veh/s
2026-03-29T20:48:06.236+02:00  INFO 582251 --- [traffic-simulator] [           main] c.t.engine.CommandDispatcher             : Spawn rate updated to 2.6 veh/s
2026-03-29T20:48:06.237+02:00  INFO 582251 --- [traffic-simulator] [           main] c.t.engine.CommandDispatcher             : Spawn rate updated to 2.7 veh/s
2026-03-29T20:48:06.237+02:00  INFO 582251 --- [traffic-simulator] [           main] c.t.engine.CommandDispatcher             : Spawn rate updated to 2.8000000000000003 veh/s
2026-03-29T20:48:06.237+02:00  INFO 582251 --- [traffic-simulator] [           main] c.t.engine.CommandDispatcher             : Spawn rate updated to 2.9000000000000004 veh/s
2026-03-29T20:48:06.237+02:00  INFO 582251 --- [traffic-simulator] [           main] c.t.engine.CommandDispatcher             : Spawn rate updated to 3.0 veh/s
2026-03-29T20:48:06.237+02:00  INFO 582251 --- [traffic-simulator] [           main] c.t.engine.CommandDispatcher             : Spawn rate updated to 3.1 veh/s
2026-03-29T20:48:06.237+02:00  INFO 582251 --- [traffic-simulator] [           main] c.t.engine.CommandDispatcher             : Spawn rate updated to 3.2 veh/s
2026-03-29T20:48:06.237+02:00  INFO 582251 --- [traffic-simulator] [           main] c.t.engine.CommandDispatcher             : Spawn rate updated to 3.3000000000000003 veh/s
2026-03-29T20:48:06.237+02:00  INFO 582251 --- [traffic-simulator] [           main] c.t.engine.CommandDispatcher             : Spawn rate updated to 3.4000000000000004 veh/s
2026-03-29T20:48:06.237+02:00  INFO 582251 --- [traffic-simulator] [           main] c.t.engine.CommandDispatcher             : Spawn rate updated to 3.5 veh/s
2026-03-29T20:48:06.237+02:00  INFO 582251 --- [traffic-simulator] [           main] c.t.engine.CommandDispatcher             : Spawn rate updated to 3.6 veh/s
2026-03-29T20:48:06.237+02:00  INFO 582251 --- [traffic-simulator] [           main] c.t.engine.CommandDispatcher             : Spawn rate updated to 3.7 veh/s
2026-03-29T20:48:06.237+02:00  INFO 582251 --- [traffic-simulator] [           main] c.t.engine.CommandDispatcher             : Spawn rate updated to 3.8000000000000003 veh/s
2026-03-29T20:48:06.237+02:00  INFO 582251 --- [traffic-simulator] [           main] c.t.engine.CommandDispatcher             : Spawn rate updated to 3.9000000000000004 veh/s
2026-03-29T20:48:06.237+02:00  INFO 582251 --- [traffic-simulator] [           main] c.t.engine.CommandDispatcher             : Spawn rate updated to 4.0 veh/s
2026-03-29T20:48:06.237+02:00  INFO 582251 --- [traffic-simulator] [           main] c.t.engine.CommandDispatcher             : Spawn rate updated to 4.1000000000000005 veh/s
2026-03-29T20:48:06.237+02:00  INFO 582251 --- [traffic-simulator] [           main] c.t.engine.CommandDispatcher             : Spawn rate updated to 4.2 veh/s
2026-03-29T20:48:06.237+02:00  INFO 582251 --- [traffic-simulator] [           main] c.t.engine.CommandDispatcher             : Spawn rate updated to 4.3 veh/s
2026-03-29T20:48:06.237+02:00  INFO 582251 --- [traffic-simulator] [           main] c.t.engine.CommandDispatcher             : Spawn rate updated to 4.4 veh/s
2026-03-29T20:48:06.237+02:00  INFO 582251 --- [traffic-simulator] [           main] c.t.engine.CommandDispatcher             : Spawn rate updated to 4.5 veh/s
2026-03-29T20:48:06.237+02:00  INFO 582251 --- [traffic-simulator] [           main] c.t.engine.CommandDispatcher             : Spawn rate updated to 4.6000000000000005 veh/s
2026-03-29T20:48:06.237+02:00  INFO 582251 --- [traffic-simulator] [           main] c.t.engine.CommandDispatcher             : Spawn rate updated to 4.7 veh/s
2026-03-29T20:48:06.237+02:00  INFO 582251 --- [traffic-simulator] [           main] c.t.engine.CommandDispatcher             : Spawn rate updated to 4.800000000000001 veh/s
2026-03-29T20:48:06.237+02:00  INFO 582251 --- [traffic-simulator] [           main] c.t.engine.CommandDispatcher             : Spawn rate updated to 4.9 veh/s
2026-03-29T20:48:06.237+02:00  INFO 582251 --- [traffic-simulator] [           main] c.t.engine.CommandDispatcher             : Spawn rate updated to 5.0 veh/s
2026-03-29T20:48:06.238+02:00  INFO 582251 --- [traffic-simulator] [           main] c.t.engine.CommandDispatcher             : Spawn rate updated to 5.1000000000000005 veh/s
2026-03-29T20:48:06.238+02:00  INFO 582251 --- [traffic-simulator] [           main] c.t.engine.CommandDispatcher             : Spawn rate updated to 5.2 veh/s
2026-03-29T20:48:06.238+02:00  INFO 582251 --- [traffic-simulator] [           main] c.t.engine.CommandDispatcher             : Spawn rate updated to 5.300000000000001 veh/s
2026-03-29T20:48:06.238+02:00  INFO 582251 --- [traffic-simulator] [           main] c.t.engine.CommandDispatcher             : Spawn rate updated to 5.4 veh/s
2026-03-29T20:48:06.238+02:00  INFO 582251 --- [traffic-simulator] [           main] c.t.engine.CommandDispatcher             : Spawn rate updated to 5.5 veh/s
2026-03-29T20:48:06.238+02:00  INFO 582251 --- [traffic-simulator] [           main] c.t.engine.CommandDispatcher             : Spawn rate updated to 5.6000000000000005 veh/s
2026-03-29T20:48:06.238+02:00  INFO 582251 --- [traffic-simulator] [           main] c.t.engine.CommandDispatcher             : Spawn rate updated to 5.7 veh/s
2026-03-29T20:48:06.238+02:00  INFO 582251 --- [traffic-simulator] [           main] c.t.engine.CommandDispatcher             : Spawn rate updated to 5.800000000000001 veh/s
2026-03-29T20:48:06.238+02:00  INFO 582251 --- [traffic-simulator] [           main] c.t.engine.CommandDispatcher             : Spawn rate updated to 5.9 veh/s
2026-03-29T20:48:06.238+02:00  INFO 582251 --- [traffic-simulator] [           main] c.t.engine.CommandDispatcher             : Spawn rate updated to 6.0 veh/s
2026-03-29T20:48:06.238+02:00  INFO 582251 --- [traffic-simulator] [           main] c.t.engine.CommandDispatcher             : Spawn rate updated to 6.1000000000000005 veh/s
2026-03-29T20:48:06.238+02:00  INFO 582251 --- [traffic-simulator] [           main] c.t.engine.CommandDispatcher             : Spawn rate updated to 6.2 veh/s
2026-03-29T20:48:06.238+02:00  INFO 582251 --- [traffic-simulator] [           main] c.t.engine.CommandDispatcher             : Spawn rate updated to 6.300000000000001 veh/s
2026-03-29T20:48:06.238+02:00  INFO 582251 --- [traffic-simulator] [           main] c.t.engine.CommandDispatcher             : Spawn rate updated to 6.4 veh/s
2026-03-29T20:48:06.238+02:00  INFO 582251 --- [traffic-simulator] [           main] c.t.engine.CommandDispatcher             : Spawn rate updated to 6.5 veh/s
2026-03-29T20:48:06.238+02:00  INFO 582251 --- [traffic-simulator] [           main] c.t.engine.CommandDispatcher             : Spawn rate updated to 6.6000000000000005 veh/s
2026-03-29T20:48:06.238+02:00  INFO 582251 --- [traffic-simulator] [           main] c.t.engine.CommandDispatcher             : Spawn rate updated to 6.7 veh/s
2026-03-29T20:48:06.238+02:00  INFO 582251 --- [traffic-simulator] [           main] c.t.engine.CommandDispatcher             : Spawn rate updated to 6.800000000000001 veh/s
2026-03-29T20:48:06.238+02:00  INFO 582251 --- [traffic-simulator] [           main] c.t.engine.CommandDispatcher             : Spawn rate updated to 6.9 veh/s
2026-03-29T20:48:06.238+02:00  INFO 582251 --- [traffic-simulator] [           main] c.t.engine.CommandDispatcher             : Spawn rate updated to 7.0 veh/s
2026-03-29T20:48:06.238+02:00  INFO 582251 --- [traffic-simulator] [           main] c.t.engine.CommandDispatcher             : Spawn rate updated to 7.1000000000000005 veh/s
2026-03-29T20:48:06.238+02:00  INFO 582251 --- [traffic-simulator] [           main] c.t.engine.CommandDispatcher             : Spawn rate updated to 7.2 veh/s
2026-03-29T20:48:06.238+02:00  INFO 582251 --- [traffic-simulator] [           main] c.t.engine.CommandDispatcher             : Spawn rate updated to 7.300000000000001 veh/s
2026-03-29T20:48:06.238+02:00  INFO 582251 --- [traffic-simulator] [           main] c.t.engine.CommandDispatcher             : Spawn rate updated to 7.4 veh/s
2026-03-29T20:48:06.238+02:00  INFO 582251 --- [traffic-simulator] [           main] c.t.engine.CommandDispatcher             : Spawn rate updated to 7.5 veh/s
2026-03-29T20:48:06.238+02:00  INFO 582251 --- [traffic-simulator] [           main] c.t.engine.CommandDispatcher             : Spawn rate updated to 7.6000000000000005 veh/s
2026-03-29T20:48:06.238+02:00  INFO 582251 --- [traffic-simulator] [           main] c.t.engine.CommandDispatcher             : Spawn rate updated to 7.7 veh/s
2026-03-29T20:48:06.238+02:00  INFO 582251 --- [traffic-simulator] [           main] c.t.engine.CommandDispatcher             : Spawn rate updated to 7.800000000000001 veh/s
2026-03-29T20:48:06.238+02:00  INFO 582251 --- [traffic-simulator] [           main] c.t.engine.CommandDispatcher             : Spawn rate updated to 7.9 veh/s
2026-03-29T20:48:06.238+02:00  INFO 582251 --- [traffic-simulator] [           main] c.t.engine.CommandDispatcher             : Spawn rate updated to 8.0 veh/s
2026-03-29T20:48:06.238+02:00  INFO 582251 --- [traffic-simulator] [           main] c.t.engine.CommandDispatcher             : Spawn rate updated to 8.1 veh/s
2026-03-29T20:48:06.238+02:00  INFO 582251 --- [traffic-simulator] [           main] c.t.engine.CommandDispatcher             : Spawn rate updated to 8.200000000000001 veh/s
2026-03-29T20:48:06.238+02:00  INFO 582251 --- [traffic-simulator] [           main] c.t.engine.CommandDispatcher             : Spawn rate updated to 8.3 veh/s
2026-03-29T20:48:06.238+02:00  INFO 582251 --- [traffic-simulator] [           main] c.t.engine.CommandDispatcher             : Spawn rate updated to 8.4 veh/s
2026-03-29T20:48:06.238+02:00  INFO 582251 --- [traffic-simulator] [           main] c.t.engine.CommandDispatcher             : Spawn rate updated to 8.5 veh/s
2026-03-29T20:48:06.238+02:00  INFO 582251 --- [traffic-simulator] [           main] c.t.engine.CommandDispatcher             : Spawn rate updated to 8.6 veh/s
2026-03-29T20:48:06.238+02:00  INFO 582251 --- [traffic-simulator] [           main] c.t.engine.CommandDispatcher             : Spawn rate updated to 8.700000000000001 veh/s
2026-03-29T20:48:06.238+02:00  INFO 582251 --- [traffic-simulator] [           main] c.t.engine.CommandDispatcher             : Spawn rate updated to 8.8 veh/s
2026-03-29T20:48:06.238+02:00  INFO 582251 --- [traffic-simulator] [           main] c.t.engine.CommandDispatcher             : Spawn rate updated to 8.9 veh/s
2026-03-29T20:48:06.238+02:00  INFO 582251 --- [traffic-simulator] [           main] c.t.engine.CommandDispatcher             : Spawn rate updated to 9.0 veh/s
2026-03-29T20:48:06.238+02:00  INFO 582251 --- [traffic-simulator] [           main] c.t.engine.CommandDispatcher             : Spawn rate updated to 9.1 veh/s
2026-03-29T20:48:06.238+02:00  INFO 582251 --- [traffic-simulator] [           main] c.t.engine.CommandDispatcher             : Spawn rate updated to 9.200000000000001 veh/s
2026-03-29T20:48:06.238+02:00  INFO 582251 --- [traffic-simulator] [           main] c.t.engine.CommandDispatcher             : Spawn rate updated to 9.3 veh/s
2026-03-29T20:48:06.238+02:00  INFO 582251 --- [traffic-simulator] [           main] c.t.engine.CommandDispatcher             : Spawn rate updated to 9.4 veh/s
2026-03-29T20:48:06.238+02:00  INFO 582251 --- [traffic-simulator] [           main] c.t.engine.CommandDispatcher             : Spawn rate updated to 9.5 veh/s
2026-03-29T20:48:06.238+02:00  INFO 582251 --- [traffic-simulator] [           main] c.t.engine.CommandDispatcher             : Spawn rate updated to 9.600000000000001 veh/s
2026-03-29T20:48:06.238+02:00  INFO 582251 --- [traffic-simulator] [           main] c.t.engine.CommandDispatcher             : Spawn rate updated to 9.700000000000001 veh/s
2026-03-29T20:48:06.238+02:00  INFO 582251 --- [traffic-simulator] [           main] c.t.engine.CommandDispatcher             : Spawn rate updated to 9.8 veh/s
2026-03-29T20:48:06.238+02:00  INFO 582251 --- [traffic-simulator] [           main] c.t.engine.CommandDispatcher             : Spawn rate updated to 9.9 veh/s
]]></system-out>
  </testcase>
  <testcase name="drainCommands_resumeAfterPause" classname="com.trafficsimulator.engine.CommandQueueTest" time="0.0">
    <system-out><![CDATA[2026-03-29T20:48:06.239+02:00  INFO 582251 --- [traffic-simulator] [           main] c.t.engine.CommandDispatcher             : Simulation started
2026-03-29T20:48:06.239+02:00  INFO 582251 --- [traffic-simulator] [           main] c.t.engine.CommandDispatcher             : Simulation paused
2026-03-29T20:48:06.239+02:00  INFO 582251 --- [traffic-simulator] [           main] c.t.engine.CommandDispatcher             : Simulation resumed
]]></system-out>
  </testcase>
  <testcase name="drainCommands_stopResetsTickCounter" classname="com.trafficsimulator.engine.CommandQueueTest" time="0.0">
    <system-out><![CDATA[2026-03-29T20:48:06.240+02:00  INFO 582251 --- [traffic-simulator] [           main] c.t.engine.CommandDispatcher             : Simulation started
2026-03-29T20:48:06.240+02:00  INFO 582251 --- [traffic-simulator] [           main] c.t.engine.CommandDispatcher             : Simulation stopped — state cleared
]]></system-out>
  </testcase>
  <testcase name="concurrentEnqueue_1000Threads_duringActiveTick_noConcurrentModificationException" classname="com.trafficsimulator.engine.CommandQueueTest" time="0.121">
    <system-out><![CDATA[2026-03-29T20:48:06.240+02:00  INFO 582251 --- [traffic-simulator] [           main] c.t.engine.CommandDispatcher             : Simulation started
2026-03-29T20:48:06.245+02:00  INFO 582251 --- [traffic-simulator] [       Thread-2] c.t.engine.CommandDispatcher             : Spawn rate updated to 0.0 veh/s
2026-03-29T20:48:06.245+02:00  INFO 582251 --- [traffic-simulator] [       Thread-2] c.t.engine.CommandDispatcher             : Spawn rate updated to 0.01 veh/s
2026-03-29T20:48:06.245+02:00  INFO 582251 --- [traffic-simulator] [       Thread-2] c.t.engine.CommandDispatcher             : Spawn rate updated to 0.02 veh/s
2026-03-29T20:48:06.245+02:00  INFO 582251 --- [traffic-simulator] [       Thread-2] c.t.engine.CommandDispatcher             : Spawn rate updated to 0.5 veh/s
2026-03-29T20:48:06.245+02:00  INFO 582251 --- [traffic-simulator] [       Thread-2] c.t.engine.CommandDispatcher             : Spawn rate updated to 0.03 veh/s
2026-03-29T20:48:06.245+02:00  INFO 582251 --- [traffic-simulator] [       Thread-2] c.t.engine.CommandDispatcher             : Spawn rate updated to 0.04 veh/s
2026-03-29T20:48:06.245+02:00  INFO 582251 --- [traffic-simulator] [       Thread-2] c.t.engine.CommandDispatcher             : Spawn rate updated to 0.51 veh/s
2026-03-29T20:48:06.245+02:00  INFO 582251 --- [traffic-simulator] [       Thread-2] c.t.engine.CommandDispatcher             : Spawn rate updated to 0.54 veh/s
2026-03-29T20:48:06.245+02:00  INFO 582251 --- [traffic-simulator] [       Thread-2] c.t.engine.CommandDispatcher             : Spawn rate updated to 0.55 veh/s
2026-03-29T20:48:06.245+02:00  INFO 582251 --- [traffic-simulator] [       Thread-2] c.t.engine.CommandDispatcher             : Spawn rate updated to 0.53 veh/s
2026-03-29T20:48:06.245+02:00  INFO 582251 --- [traffic-simulator] [       Thread-2] c.t.engine.CommandDispatcher             : Spawn rate updated to 0.05 veh/s
2026-03-29T20:48:06.245+02:00  INFO 582251 --- [traffic-simulator] [       Thread-2] c.t.engine.CommandDispatcher             : Spawn rate updated to 0.5700000000000001 veh/s
2026-03-29T20:48:06.245+02:00  INFO 582251 --- [traffic-simulator] [       Thread-2] c.t.engine.CommandDispatcher             : Spawn rate updated to 0.58 veh/s
2026-03-29T20:48:06.245+02:00  INFO 582251 --- [traffic-simulator] [       Thread-2] c.t.engine.CommandDispatcher             : Spawn rate updated to 0.59 veh/s
2026-03-29T20:48:06.245+02:00  INFO 582251 --- [traffic-simulator] [       Thread-2] c.t.engine.CommandDispatcher             : Spawn rate updated to 0.56 veh/s
2026-03-29T20:48:06.245+02:00  INFO 582251 --- [traffic-simulator] [       Thread-2] c.t.engine.CommandDispatcher             : Spawn rate updated to 0.52 veh/s
2026-03-29T20:48:06.245+02:00  INFO 582251 --- [traffic-simulator] [       Thread-2] c.t.engine.CommandDispatcher             : Spawn rate updated to 0.6 veh/s
2026-03-29T20:48:06.245+02:00  INFO 582251 --- [traffic-simulator] [       Thread-2] c.t.engine.CommandDispatcher             : Spawn rate updated to 0.61 veh/s
2026-03-29T20:48:06.245+02:00  INFO 582251 --- [traffic-simulator] [       Thread-2] c.t.engine.CommandDispatcher             : Spawn rate updated to 0.62 veh/s
2026-03-29T20:48:06.245+02:00  INFO 582251 --- [traffic-simulator] [       Thread-2] c.t.engine.CommandDispatcher             : Spawn rate updated to 0.63 veh/s
2026-03-29T20:48:06.245+02:00  INFO 582251 --- [traffic-simulator] [       Thread-2] c.t.engine.CommandDispatcher             : Spawn rate updated to 0.06 veh/s
2026-03-29T20:48:06.245+02:00  INFO 582251 --- [traffic-simulator] [       Thread-2] c.t.engine.CommandDispatcher             : Spawn rate updated to 0.65 veh/s
2026-03-29T20:48:06.245+02:00  INFO 582251 --- [traffic-simulator] [       Thread-2] c.t.engine.CommandDispatcher             : Spawn rate updated to 0.64 veh/s
2026-03-29T20:48:06.245+02:00  INFO 582251 --- [traffic-simulator] [       Thread-2] c.t.engine.CommandDispatcher             : Spawn rate updated to 0.66 veh/s
2026-03-29T20:48:06.245+02:00  INFO 582251 --- [traffic-simulator] [       Thread-2] c.t.engine.CommandDispatcher             : Spawn rate updated to 0.67 veh/s
2026-03-29T20:48:06.245+02:00  INFO 582251 --- [traffic-simulator] [       Thread-2] c.t.engine.CommandDispatcher             : Spawn rate updated to 0.68 veh/s
2026-03-29T20:48:06.245+02:00  INFO 582251 --- [traffic-simulator] [       Thread-2] c.t.engine.CommandDispatcher             : Spawn rate updated to 0.6900000000000001 veh/s
2026-03-29T20:48:06.245+02:00  INFO 582251 --- [traffic-simulator] [       Thread-2] c.t.engine.CommandDispatcher             : Spawn rate updated to 0.71 veh/s
2026-03-29T20:48:06.245+02:00  INFO 582251 --- [traffic-simulator] [       Thread-2] c.t.engine.CommandDispatcher             : Spawn rate updated to 0.07 veh/s
2026-03-29T20:48:06.245+02:00  INFO 582251 --- [traffic-simulator] [       Thread-2] c.t.engine.CommandDispatcher             : Spawn rate updated to 0.72 veh/s
2026-03-29T20:48:06.245+02:00  INFO 582251 --- [traffic-simulator] [       Thread-2] c.t.engine.CommandDispatcher             : Spawn rate updated to 0.73 veh/s
2026-03-29T20:48:06.245+02:00  INFO 582251 --- [traffic-simulator] [       Thread-2] c.t.engine.CommandDispatcher             : Spawn rate updated to 0.7000000000000001 veh/s
2026-03-29T20:48:06.245+02:00  INFO 582251 --- [traffic-simulator] [       Thread-2] c.t.engine.CommandDispatcher             : Spawn rate updated to 0.74 veh/s
2026-03-29T20:48:06.245+02:00  INFO 582251 --- [traffic-simulator] [       Thread-2] c.t.engine.CommandDispatcher             : Spawn rate updated to 0.76 veh/s
2026-03-29T20:48:06.245+02:00  INFO 582251 --- [traffic-simulator] [       Thread-2] c.t.engine.CommandDispatcher             : Spawn rate updated to 0.75 veh/s
2026-03-29T20:48:06.245+02:00  INFO 582251 --- [traffic-simulator] [       Thread-2] c.t.engine.CommandDispatcher             : Spawn rate updated to 0.77 veh/s
2026-03-29T20:48:06.245+02:00  INFO 582251 --- [traffic-simulator] [       Thread-2] c.t.engine.CommandDispatcher             : Spawn rate updated to 0.08 veh/s
2026-03-29T20:48:06.245+02:00  INFO 582251 --- [traffic-simulator] [       Thread-2] c.t.engine.CommandDispatcher             : Spawn rate updated to 0.78 veh/s
2026-03-29T20:48:06.245+02:00  INFO 582251 --- [traffic-simulator] [       Thread-2] c.t.engine.CommandDispatcher             : Spawn rate updated to 0.79 veh/s
2026-03-29T20:48:06.245+02:00  INFO 582251 --- [traffic-simulator] [       Thread-2] c.t.engine.CommandDispatcher             : Spawn rate updated to 0.09 veh/s
2026-03-29T20:48:06.245+02:00  INFO 582251 --- [traffic-simulator] [       Thread-2] c.t.engine.CommandDispatcher             : Spawn rate updated to 0.81 veh/s
2026-03-29T20:48:06.245+02:00  INFO 582251 --- [traffic-simulator] [       Thread-2] c.t.engine.CommandDispatcher             : Spawn rate updated to 0.8200000000000001 veh/s
2026-03-29T20:48:06.245+02:00  INFO 582251 --- [traffic-simulator] [       Thread-2] c.t.engine.CommandDispatcher             : Spawn rate updated to 0.8300000000000001 veh/s
2026-03-29T20:48:06.245+02:00  INFO 582251 --- [traffic-simulator] [       Thread-2] c.t.engine.CommandDispatcher             : Spawn rate updated to 0.8 veh/s
2026-03-29T20:48:06.245+02:00  INFO 582251 --- [traffic-simulator] [       Thread-2] c.t.engine.CommandDispatcher             : Spawn rate updated to 0.85 veh/s
2026-03-29T20:48:06.245+02:00  INFO 582251 --- [traffic-simulator] [       Thread-2] c.t.engine.CommandDispatcher             : Spawn rate updated to 0.84 veh/s
2026-03-29T20:48:06.245+02:00  INFO 582251 --- [traffic-simulator] [       Thread-2] c.t.engine.CommandDispatcher             : Spawn rate updated to 0.1 veh/s
2026-03-29T20:48:06.245+02:00  INFO 582251 --- [traffic-simulator] [       Thread-2] c.t.engine.CommandDispatcher             : Spawn rate updated to 0.86 veh/s
2026-03-29T20:48:06.245+02:00  INFO 582251 --- [traffic-simulator] [       Thread-2] c.t.engine.CommandDispatcher             : Spawn rate updated to 0.87 veh/s
2026-03-29T20:48:06.245+02:00  INFO 582251 --- [traffic-simulator] [       Thread-2] c.t.engine.CommandDispatcher             : Spawn rate updated to 0.9 veh/s
2026-03-29T20:48:06.245+02:00  INFO 582251 --- [traffic-simulator] [       Thread-2] c.t.engine.CommandDispatcher             : Spawn rate updated to 0.89 veh/s
2026-03-29T20:48:06.245+02:00  INFO 582251 --- [traffic-simulator] [       Thread-2] c.t.engine.CommandDispatcher             : Spawn rate updated to 0.88 veh/s
2026-03-29T20:48:06.245+02:00  INFO 582251 --- [traffic-simulator] [       Thread-2] c.t.engine.CommandDispatcher             : Spawn rate updated to 0.92 veh/s
2026-03-29T20:48:06.245+02:00  INFO 582251 --- [traffic-simulator] [       Thread-2] c.t.engine.CommandDispatcher             : Spawn rate updated to 0.91 veh/s
2026-03-29T20:48:06.245+02:00  INFO 582251 --- [traffic-simulator] [       Thread-2] c.t.engine.CommandDispatcher             : Spawn rate updated to 0.11 veh/s
2026-03-29T20:48:06.245+02:00  INFO 582251 --- [traffic-simulator] [       Thread-2] c.t.engine.CommandDispatcher             : Spawn rate updated to 0.93 veh/s
2026-03-29T20:48:06.245+02:00  INFO 582251 --- [traffic-simulator] [       Thread-2] c.t.engine.CommandDispatcher             : Spawn rate updated to 0.9500000000000001 veh/s
2026-03-29T20:48:06.245+02:00  INFO 582251 --- [traffic-simulator] [       Thread-2] c.t.engine.CommandDispatcher             : Spawn rate updated to 0.9400000000000001 veh/s
2026-03-29T20:48:06.245+02:00  INFO 582251 --- [traffic-simulator] [       Thread-2] c.t.engine.CommandDispatcher             : Spawn rate updated to 0.97 veh/s
2026-03-29T20:48:06.245+02:00  INFO 582251 --- [traffic-simulator] [       Thread-2] c.t.engine.CommandDispatcher             : Spawn rate updated to 0.12 veh/s
2026-03-29T20:48:06.245+02:00  INFO 582251 --- [traffic-simulator] [       Thread-2] c.t.engine.CommandDispatcher             : Spawn rate updated to 0.96 veh/s
2026-03-29T20:48:06.245+02:00  INFO 582251 --- [traffic-simulator] [       Thread-2] c.t.engine.CommandDispatcher             : Spawn rate updated to 0.99 veh/s
2026-03-29T20:48:06.245+02:00  INFO 582251 --- [traffic-simulator] [       Thread-2] c.t.engine.CommandDispatcher             : Spawn rate updated to 0.98 veh/s
2026-03-29T20:48:06.246+02:00  INFO 582251 --- [traffic-simulator] [       Thread-2] c.t.engine.CommandDispatcher             : Spawn rate updated to 1.01 veh/s
2026-03-29T20:48:06.246+02:00  INFO 582251 --- [traffic-simulator] [       Thread-2] c.t.engine.CommandDispatcher             : Spawn rate updated to 1.02 veh/s
2026-03-29T20:48:06.246+02:00  INFO 582251 --- [traffic-simulator] [       Thread-2] c.t.engine.CommandDispatcher             : Spawn rate updated to 1.0 veh/s
2026-03-29T20:48:06.246+02:00  INFO 582251 --- [traffic-simulator] [       Thread-2] c.t.engine.CommandDispatcher             : Spawn rate updated to 1.03 veh/s
2026-03-29T20:48:06.246+02:00  INFO 582251 --- [traffic-simulator] [       Thread-2] c.t.engine.CommandDispatcher             : Spawn rate updated to 1.05 veh/s
2026-03-29T20:48:06.246+02:00  INFO 582251 --- [traffic-simulator] [       Thread-2] c.t.engine.CommandDispatcher             : Spawn rate updated to 1.04 veh/s
2026-03-29T20:48:06.246+02:00  INFO 582251 --- [traffic-simulator] [       Thread-2] c.t.engine.CommandDispatcher             : Spawn rate updated to 1.06 veh/s
2026-03-29T20:48:06.246+02:00  INFO 582251 --- [traffic-simulator] [       Thread-2] c.t.engine.CommandDispatcher             : Spawn rate updated to 1.07 veh/s
2026-03-29T20:48:06.246+02:00  INFO 582251 --- [traffic-simulator] [       Thread-2] c.t.engine.CommandDispatcher             : Spawn rate updated to 1.08 veh/s
2026-03-29T20:48:06.246+02:00  INFO 582251 --- [traffic-simulator] [       Thread-2] c.t.engine.CommandDispatcher             : Spawn rate updated to 1.09 veh/s
2026-03-29T20:48:06.246+02:00  INFO 582251 --- [traffic-simulator] [       Thread-2] c.t.engine.CommandDispatcher             : Spawn rate updated to 1.1 veh/s
2026-03-29T20:48:06.246+02:00  INFO 582251 --- [traffic-simulator] [       Thread-2] c.t.engine.CommandDispatcher             : Spawn rate updated to 1.12 veh/s
2026-03-29T20:48:06.246+02:00  INFO 582251 --- [traffic-simulator] [       Thread-2] c.t.engine.CommandDispatcher             : Spawn rate updated to 1.1300000000000001 veh/s
2026-03-29T20:48:06.246+02:00  INFO 582251 --- [traffic-simulator] [       Thread-2] c.t.engine.CommandDispatcher             : Spawn rate updated to 0.13 veh/s
2026-03-29T20:48:06.246+02:00  INFO 582251 --- [traffic-simulator] [       Thread-2] c.t.engine.CommandDispatcher             : Spawn rate updated to 1.11 veh/s
2026-03-29T20:48:06.246+02:00  INFO 582251 --- [traffic-simulator] [       Thread-2] c.t.engine.CommandDispatcher             : Spawn rate updated to 0.14 veh/s
2026-03-29T20:48:06.246+02:00  INFO 582251 --- [traffic-simulator] [       Thread-2] c.t.engine.CommandDispatcher             : Spawn rate updated to 1.1400000000000001 veh/s
2026-03-29T20:48:06.246+02:00  INFO 582251 --- [traffic-simulator] [       Thread-2] c.t.engine.CommandDispatcher             : Spawn rate updated to 1.16 veh/s
2026-03-29T20:48:06.246+02:00  INFO 582251 --- [traffic-simulator] [       Thread-2] c.t.engine.CommandDispatcher             : Spawn rate updated to 1.1500000000000001 veh/s
2026-03-29T20:48:06.246+02:00  INFO 582251 --- [traffic-simulator] [       Thread-2] c.t.engine.CommandDispatcher             : Spawn rate updated to 0.15 veh/s
2026-03-29T20:48:06.246+02:00  INFO 582251 --- [traffic-simulator] [       Thread-2] c.t.engine.CommandDispatcher             : Spawn rate updated to 1.17 veh/s
2026-03-29T20:48:06.246+02:00  INFO 582251 --- [traffic-simulator] [       Thread-2] c.t.engine.CommandDispatcher             : Spawn rate updated to 0.16 veh/s
2026-03-29T20:48:06.246+02:00  INFO 582251 --- [traffic-simulator] [       Thread-2] c.t.engine.CommandDispatcher             : Spawn rate updated to 1.18 veh/s
2026-03-29T20:48:06.246+02:00  INFO 582251 --- [traffic-simulator] [       Thread-2] c.t.engine.CommandDispatcher             : Spawn rate updated to 1.19 veh/s
2026-03-29T20:48:06.246+02:00  INFO 582251 --- [traffic-simulator] [       Thread-2] c.t.engine.CommandDispatcher             : Spawn rate updated to 1.21 veh/s
2026-03-29T20:48:06.246+02:00  INFO 582251 --- [traffic-simulator] [       Thread-2] c.t.engine.CommandDispatcher             : Spawn rate updated to 1.22 veh/s
2026-03-29T20:48:06.246+02:00  INFO 582251 --- [traffic-simulator] [       Thread-2] c.t.engine.CommandDispatcher             : Spawn rate updated to 1.23 veh/s
2026-03-29T20:48:06.246+02:00  INFO 582251 --- [traffic-simulator] [       Thread-2] c.t.engine.CommandDispatcher             : Spawn rate updated to 0.17 veh/s
2026-03-29T20:48:06.246+02:00  INFO 582251 --- [traffic-simulator] [       Thread-2] c.t.engine.CommandDispatcher             : Spawn rate updated to 1.24 veh/s
2026-03-29T20:48:06.246+02:00  INFO 582251 --- [traffic-simulator] [       Thread-2] c.t.engine.CommandDispatcher             : Spawn rate updated to 1.2 veh/s
2026-03-29T20:48:06.247+02:00  INFO 582251 --- [traffic-simulator] [       Thread-2] c.t.engine.CommandDispatcher             : Spawn rate updated to 1.25 veh/s
2026-03-29T20:48:06.247+02:00  INFO 582251 --- [traffic-simulator] [       Thread-2] c.t.engine.CommandDispatcher             : Spawn rate updated to 1.26 veh/s
2026-03-29T20:48:06.247+02:00  INFO 582251 --- [traffic-simulator] [       Thread-2] c.t.engine.CommandDispatcher             : Spawn rate updated to 1.27 veh/s
2026-03-29T20:48:06.247+02:00  INFO 582251 --- [traffic-simulator] [       Thread-2] c.t.engine.CommandDispatcher             : Spawn rate updated to 1.29 veh/s
2026-03-29T20:48:06.247+02:00  INFO 582251 --- [traffic-simulator] [       Thread-2] c.t.engine.CommandDispatcher             : Spawn rate updated to 1.3 veh/s
2026-03-29T20:48:06.247+02:00  INFO 582251 --- [traffic-simulator] [       Thread-2] c.t.engine.CommandDispatcher             : Spawn rate updated to 1.28 veh/s
2026-03-29T20:48:06.247+02:00  INFO 582251 --- [traffic-simulator] [       Thread-2] c.t.engine.CommandDispatcher             : Spawn rate updated to 1.31 veh/s
2026-03-29T20:48:06.247+02:00  INFO 582251 --- [traffic-simulator] [       Thread-2] c.t.engine.CommandDispatcher             : Spawn rate updated to 1.32 veh/s
2026-03-29T20:48:06.247+02:00  INFO 582251 --- [traffic-simulator] [       Thread-2] c.t.engine.CommandDispatcher             : Spawn rate updated to 1.33 veh/s
2026-03-29T20:48:06.247+02:00  INFO 582251 --- [traffic-simulator] [       Thread-2] c.t.engine.CommandDispatcher             : Spawn rate updated to 1.35 veh/s
2026-03-29T20:48:06.247+02:00  INFO 582251 --- [traffic-simulator] [       Thread-2] c.t.engine.CommandDispatcher             : Spawn rate updated to 1.36 veh/s
2026-03-29T20:48:06.247+02:00  INFO 582251 --- [traffic-simulator] [       Thread-2] c.t.engine.CommandDispatcher             : Spawn rate updated to 1.34 veh/s
2026-03-29T20:48:06.247+02:00  INFO 582251 --- [traffic-simulator] [       Thread-2] c.t.engine.CommandDispatcher             : Spawn rate updated to 1.37 veh/s
2026-03-29T20:48:06.247+02:00  INFO 582251 --- [traffic-simulator] [       Thread-2] c.t.engine.CommandDispatcher             : Spawn rate updated to 1.3900000000000001 veh/s
2026-03-29T20:48:06.247+02:00  INFO 582251 --- [traffic-simulator] [       Thread-2] c.t.engine.CommandDispatcher             : Spawn rate updated to 1.3800000000000001 veh/s
2026-03-29T20:48:06.247+02:00  INFO 582251 --- [traffic-simulator] [       Thread-2] c.t.engine.CommandDispatcher             : Spawn rate updated to 1.41 veh/s
2026-03-29T20:48:06.247+02:00  INFO 582251 --- [traffic-simulator] [       Thread-2] c.t.engine.CommandDispatcher             : Spawn rate updated to 1.4000000000000001 veh/s
2026-03-29T20:48:06.247+02:00  INFO 582251 --- [traffic-simulator] [       Thread-2] c.t.engine.CommandDispatcher             : Spawn rate updated to 1.42 veh/s
2026-03-29T20:48:06.247+02:00  INFO 582251 --- [traffic-simulator] [       Thread-2] c.t.engine.CommandDispatcher             : Spawn rate updated to 1.43 veh/s
2026-03-29T20:48:06.247+02:00  INFO 582251 --- [traffic-simulator] [       Thread-2] c.t.engine.CommandDispatcher             : Spawn rate updated to 1.44 veh/s
2026-03-29T20:48:06.247+02:00  INFO 582251 --- [traffic-simulator] [       Thread-2] c.t.engine.CommandDispatcher             : Spawn rate updated to 1.45 veh/s
2026-03-29T20:48:06.247+02:00  INFO 582251 --- [traffic-simulator] [       Thread-2] c.t.engine.CommandDispatcher             : Spawn rate updated to 1.46 veh/s
2026-03-29T20:48:06.247+02:00  INFO 582251 --- [traffic-simulator] [MessageBroker-9] c.t.scheduler.TickEmitter                : Tick #0 — status=STOPPED, vehicles=0
2026-03-29T20:48:06.247+02:00  INFO 582251 --- [traffic-simulator] [       Thread-2] c.t.engine.CommandDispatcher             : Spawn rate updated to 1.47 veh/s
2026-03-29T20:48:06.248+02:00  INFO 582251 --- [traffic-simulator] [       Thread-2] c.t.engine.CommandDispatcher             : Spawn rate updated to 1.48 veh/s
2026-03-29T20:48:06.248+02:00  INFO 582251 --- [traffic-simulator] [       Thread-2] c.t.engine.CommandDispatcher             : Spawn rate updated to 1.49 veh/s
2026-03-29T20:48:06.248+02:00  INFO 582251 --- [traffic-simulator] [       Thread-2] c.t.engine.CommandDispatcher             : Spawn rate updated to 1.5 veh/s
2026-03-29T20:48:06.248+02:00  INFO 582251 --- [traffic-simulator] [       Thread-2] c.t.engine.CommandDispatcher             : Spawn rate updated to 0.18 veh/s
2026-03-29T20:48:06.248+02:00  INFO 582251 --- [traffic-simulator] [       Thread-2] c.t.engine.CommandDispatcher             : Spawn rate updated to 1.52 veh/s
2026-03-29T20:48:06.248+02:00  INFO 582251 --- [traffic-simulator] [       Thread-2] c.t.engine.CommandDispatcher             : Spawn rate updated to 1.53 veh/s
2026-03-29T20:48:06.248+02:00  INFO 582251 --- [traffic-simulator] [       Thread-2] c.t.engine.CommandDispatcher             : Spawn rate updated to 1.51 veh/s
2026-03-29T20:48:06.248+02:00  INFO 582251 --- [traffic-simulator] [       Thread-2] c.t.engine.CommandDispatcher             : Spawn rate updated to 1.55 veh/s
2026-03-29T20:48:06.248+02:00  INFO 582251 --- [traffic-simulator] [       Thread-2] c.t.engine.CommandDispatcher             : Spawn rate updated to 1.54 veh/s
2026-03-29T20:48:06.248+02:00  INFO 582251 --- [traffic-simulator] [       Thread-2] c.t.engine.CommandDispatcher             : Spawn rate updated to 1.56 veh/s
2026-03-29T20:48:06.248+02:00  INFO 582251 --- [traffic-simulator] [       Thread-2] c.t.engine.CommandDispatcher             : Spawn rate updated to 0.19 veh/s
2026-03-29T20:48:06.248+02:00  INFO 582251 --- [traffic-simulator] [       Thread-2] c.t.engine.CommandDispatcher             : Spawn rate updated to 1.58 veh/s
2026-03-29T20:48:06.248+02:00  INFO 582251 --- [traffic-simulator] [       Thread-2] c.t.engine.CommandDispatcher             : Spawn rate updated to 1.57 veh/s
2026-03-29T20:48:06.248+02:00  INFO 582251 --- [traffic-simulator] [       Thread-2] c.t.engine.CommandDispatcher             : Spawn rate updated to 1.59 veh/s
2026-03-29T20:48:06.248+02:00  INFO 582251 --- [traffic-simulator] [       Thread-2] c.t.engine.CommandDispatcher             : Spawn rate updated to 1.6 veh/s
2026-03-29T20:48:06.248+02:00  INFO 582251 --- [traffic-simulator] [       Thread-2] c.t.engine.CommandDispatcher             : Spawn rate updated to 1.62 veh/s
2026-03-29T20:48:06.248+02:00  INFO 582251 --- [traffic-simulator] [       Thread-2] c.t.engine.CommandDispatcher             : Spawn rate updated to 1.6400000000000001 veh/s
2026-03-29T20:48:06.248+02:00  INFO 582251 --- [traffic-simulator] [       Thread-2] c.t.engine.CommandDispatcher             : Spawn rate updated to 1.61 veh/s
2026-03-29T20:48:06.248+02:00  INFO 582251 --- [traffic-simulator] [       Thread-2] c.t.engine.CommandDispatcher             : Spawn rate updated to 1.6500000000000001 veh/s
2026-03-29T20:48:06.248+02:00  INFO 582251 --- [traffic-simulator] [       Thread-2] c.t.engine.CommandDispatcher             : Spawn rate updated to 1.6600000000000001 veh/s
2026-03-29T20:48:06.248+02:00  INFO 582251 --- [traffic-simulator] [       Thread-2] c.t.engine.CommandDispatcher             : Spawn rate updated to 1.6300000000000001 veh/s
2026-03-29T20:48:06.248+02:00  INFO 582251 --- [traffic-simulator] [       Thread-2] c.t.engine.CommandDispatcher             : Spawn rate updated to 1.67 veh/s
2026-03-29T20:48:06.248+02:00  INFO 582251 --- [traffic-simulator] [       Thread-2] c.t.engine.CommandDispatcher             : Spawn rate updated to 0.2 veh/s
2026-03-29T20:48:06.248+02:00  INFO 582251 --- [traffic-simulator] [       Thread-2] c.t.engine.CommandDispatcher             : Spawn rate updated to 1.68 veh/s
2026-03-29T20:48:06.248+02:00  INFO 582251 --- [traffic-simulator] [       Thread-2] c.t.engine.CommandDispatcher             : Spawn rate updated to 1.69 veh/s
2026-03-29T20:48:06.248+02:00  INFO 582251 --- [traffic-simulator] [       Thread-2] c.t.engine.CommandDispatcher             : Spawn rate updated to 1.7 veh/s
2026-03-29T20:48:06.248+02:00  INFO 582251 --- [traffic-simulator] [       Thread-2] c.t.engine.CommandDispatcher             : Spawn rate updated to 1.71 veh/s
2026-03-29T20:48:06.248+02:00  INFO 582251 --- [traffic-simulator] [       Thread-2] c.t.engine.CommandDispatcher             : Spawn rate updated to 1.72 veh/s
2026-03-29T20:48:06.248+02:00  INFO 582251 --- [traffic-simulator] [       Thread-2] c.t.engine.CommandDispatcher             : Spawn rate updated to 1.73 veh/s
2026-03-29T20:48:06.248+02:00  INFO 582251 --- [traffic-simulator] [       Thread-2] c.t.engine.CommandDispatcher             : Spawn rate updated to 1.74 veh/s
2026-03-29T20:48:06.248+02:00  INFO 582251 --- [traffic-simulator] [       Thread-2] c.t.engine.CommandDispatcher             : Spawn rate updated to 1.75 veh/s
2026-03-29T20:48:06.248+02:00  INFO 582251 --- [traffic-simulator] [       Thread-2] c.t.engine.CommandDispatcher             : Spawn rate updated to 1.76 veh/s
2026-03-29T20:48:06.248+02:00  INFO 582251 --- [traffic-simulator] [       Thread-2] c.t.engine.CommandDispatcher             : Spawn rate updated to 1.77 veh/s
2026-03-29T20:48:06.248+02:00  INFO 582251 --- [traffic-simulator] [       Thread-2] c.t.engine.CommandDispatcher             : Spawn rate updated to 1.78 veh/s
2026-03-29T20:48:06.248+02:00  INFO 582251 --- [traffic-simulator] [       Thread-2] c.t.engine.CommandDispatcher             : Spawn rate updated to 1.79 veh/s
2026-03-29T20:48:06.248+02:00  INFO 582251 --- [traffic-simulator] [       Thread-2] c.t.engine.CommandDispatcher             : Spawn rate updated to 1.8 veh/s
2026-03-29T20:48:06.248+02:00  INFO 582251 --- [traffic-simulator] [       Thread-2] c.t.engine.CommandDispatcher             : Spawn rate updated to 1.81 veh/s
2026-03-29T20:48:06.248+02:00  INFO 582251 --- [traffic-simulator] [       Thread-2] c.t.engine.CommandDispatcher             : Spawn rate updated to 1.82 veh/s
2026-03-29T20:48:06.248+02:00  INFO 582251 --- [traffic-simulator] [       Thread-2] c.t.engine.CommandDispatcher             : Spawn rate updated to 1.84 veh/s
2026-03-29T20:48:06.248+02:00  INFO 582251 --- [traffic-simulator] [       Thread-2] c.t.engine.CommandDispatcher             : Spawn rate updated to 1.85 veh/s
2026-03-29T20:48:06.248+02:00  INFO 582251 --- [traffic-simulator] [       Thread-2] c.t.engine.CommandDispatcher             : Spawn rate updated to 1.86 veh/s
2026-03-29T20:48:06.248+02:00  INFO 582251 --- [traffic-simulator] [       Thread-2] c.t.engine.CommandDispatcher             : Spawn rate updated to 1.87 veh/s
2026-03-29T20:48:06.248+02:00  INFO 582251 --- [traffic-simulator] [       Thread-2] c.t.engine.CommandDispatcher             : Spawn rate updated to 1.8800000000000001 veh/s
2026-03-29T20:48:06.248+02:00  INFO 582251 --- [traffic-simulator] [       Thread-2] c.t.engine.CommandDispatcher             : Spawn rate updated to 1.8900000000000001 veh/s
2026-03-29T20:48:06.248+02:00  INFO 582251 --- [traffic-simulator] [       Thread-2] c.t.engine.CommandDispatcher             : Spawn rate updated to 1.83 veh/s
2026-03-29T20:48:06.248+02:00  INFO 582251 --- [traffic-simulator] [       Thread-2] c.t.engine.CommandDispatcher             : Spawn rate updated to 1.9000000000000001 veh/s
2026-03-29T20:48:06.248+02:00  INFO 582251 --- [traffic-simulator] [       Thread-2] c.t.engine.CommandDispatcher             : Spawn rate updated to 1.9100000000000001 veh/s
2026-03-29T20:48:06.248+02:00  INFO 582251 --- [traffic-simulator] [       Thread-2] c.t.engine.CommandDispatcher             : Spawn rate updated to 1.92 veh/s
2026-03-29T20:48:06.248+02:00  INFO 582251 --- [traffic-simulator] [       Thread-2] c.t.engine.CommandDispatcher             : Spawn rate updated to 1.93 veh/s
2026-03-29T20:48:06.248+02:00  INFO 582251 --- [traffic-simulator] [       Thread-2] c.t.engine.CommandDispatcher             : Spawn rate updated to 1.94 veh/s
2026-03-29T20:48:06.248+02:00  INFO 582251 --- [traffic-simulator] [       Thread-2] c.t.engine.CommandDispatcher             : Spawn rate updated to 1.95 veh/s
2026-03-29T20:48:06.248+02:00  INFO 582251 --- [traffic-simulator] [       Thread-2] c.t.engine.CommandDispatcher             : Spawn rate updated to 1.96 veh/s
2026-03-29T20:48:06.248+02:00  INFO 582251 --- [traffic-simulator] [       Thread-2] c.t.engine.CommandDispatcher             : Spawn rate updated to 1.97 veh/s
2026-03-29T20:48:06.248+02:00  INFO 582251 --- [traffic-simulator] [       Thread-2] c.t.engine.CommandDispatcher             : Spawn rate updated to 2.0 veh/s
2026-03-29T20:48:06.248+02:00  INFO 582251 --- [traffic-simulator] [       Thread-2] c.t.engine.CommandDispatcher             : Spawn rate updated to 1.99 veh/s
2026-03-29T20:48:06.248+02:00  INFO 582251 --- [traffic-simulator] [       Thread-2] c.t.engine.CommandDispatcher             : Spawn rate updated to 1.98 veh/s
2026-03-29T20:48:06.248+02:00  INFO 582251 --- [traffic-simulator] [       Thread-2] c.t.engine.CommandDispatcher             : Spawn rate updated to 2.02 veh/s
2026-03-29T20:48:06.248+02:00  INFO 582251 --- [traffic-simulator] [       Thread-2] c.t.engine.CommandDispatcher             : Spawn rate updated to 2.0100000000000002 veh/s
2026-03-29T20:48:06.248+02:00  INFO 582251 --- [traffic-simulator] [       Thread-2] c.t.engine.CommandDispatcher             : Spawn rate updated to 2.04 veh/s
2026-03-29T20:48:06.248+02:00  INFO 582251 --- [traffic-simulator] [       Thread-2] c.t.engine.CommandDispatcher             : Spawn rate updated to 2.0300000000000002 veh/s
2026-03-29T20:48:06.248+02:00  INFO 582251 --- [traffic-simulator] [       Thread-2] c.t.engine.CommandDispatcher             : Spawn rate updated to 2.05 veh/s
2026-03-29T20:48:06.248+02:00  INFO 582251 --- [traffic-simulator] [       Thread-2] c.t.engine.CommandDispatcher             : Spawn rate updated to 2.06 veh/s
2026-03-29T20:48:06.248+02:00  INFO 582251 --- [traffic-simulator] [       Thread-2] c.t.engine.CommandDispatcher             : Spawn rate updated to 2.07 veh/s
2026-03-29T20:48:06.248+02:00  INFO 582251 --- [traffic-simulator] [       Thread-2] c.t.engine.CommandDispatcher             : Spawn rate updated to 2.09 veh/s
2026-03-29T20:48:06.248+02:00  INFO 582251 --- [traffic-simulator] [       Thread-2] c.t.engine.CommandDispatcher             : Spawn rate updated to 2.08 veh/s
2026-03-29T20:48:06.248+02:00  INFO 582251 --- [traffic-simulator] [       Thread-2] c.t.engine.CommandDispatcher             : Spawn rate updated to 2.11 veh/s
2026-03-29T20:48:06.248+02:00  INFO 582251 --- [traffic-simulator] [       Thread-2] c.t.engine.CommandDispatcher             : Spawn rate updated to 2.13 veh/s
2026-03-29T20:48:06.248+02:00  INFO 582251 --- [traffic-simulator] [       Thread-2] c.t.engine.CommandDispatcher             : Spawn rate updated to 2.12 veh/s
2026-03-29T20:48:06.248+02:00  INFO 582251 --- [traffic-simulator] [       Thread-2] c.t.engine.CommandDispatcher             : Spawn rate updated to 2.14 veh/s
2026-03-29T20:48:06.248+02:00  INFO 582251 --- [traffic-simulator] [       Thread-2] c.t.engine.CommandDispatcher             : Spawn rate updated to 2.16 veh/s
2026-03-29T20:48:06.248+02:00  INFO 582251 --- [traffic-simulator] [       Thread-2] c.t.engine.CommandDispatcher             : Spawn rate updated to 2.1 veh/s
2026-03-29T20:48:06.248+02:00  INFO 582251 --- [traffic-simulator] [       Thread-2] c.t.engine.CommandDispatcher             : Spawn rate updated to 2.17 veh/s
2026-03-29T20:48:06.248+02:00  INFO 582251 --- [traffic-simulator] [       Thread-2] c.t.engine.CommandDispatcher             : Spawn rate updated to 2.18 veh/s
2026-03-29T20:48:06.248+02:00  INFO 582251 --- [traffic-simulator] [       Thread-2] c.t.engine.CommandDispatcher             : Spawn rate updated to 2.15 veh/s
2026-03-29T20:48:06.248+02:00  INFO 582251 --- [traffic-simulator] [       Thread-2] c.t.engine.CommandDispatcher             : Spawn rate updated to 2.2 veh/s
2026-03-29T20:48:06.248+02:00  INFO 582251 --- [traffic-simulator] [       Thread-2] c.t.engine.CommandDispatcher             : Spawn rate updated to 2.19 veh/s
2026-03-29T20:48:06.248+02:00  INFO 582251 --- [traffic-simulator] [       Thread-2] c.t.engine.CommandDispatcher             : Spawn rate updated to 2.23 veh/s
2026-03-29T20:48:06.248+02:00  INFO 582251 --- [traffic-simulator] [       Thread-2] c.t.engine.CommandDispatcher             : Spawn rate updated to 2.24 veh/s
2026-03-29T20:48:06.248+02:00  INFO 582251 --- [traffic-simulator] [       Thread-2] c.t.engine.CommandDispatcher             : Spawn rate updated to 2.22 veh/s
2026-03-29T20:48:06.248+02:00  INFO 582251 --- [traffic-simulator] [       Thread-2] c.t.engine.CommandDispatcher             : Spawn rate updated to 2.21 veh/s
2026-03-29T20:48:06.248+02:00  INFO 582251 --- [traffic-simulator] [       Thread-2] c.t.engine.CommandDispatcher             : Spawn rate updated to 2.25 veh/s
2026-03-29T20:48:06.248+02:00  INFO 582251 --- [traffic-simulator] [       Thread-2] c.t.engine.CommandDispatcher             : Spawn rate updated to 2.2600000000000002 veh/s
2026-03-29T20:48:06.248+02:00  INFO 582251 --- [traffic-simulator] [       Thread-2] c.t.engine.CommandDispatcher             : Spawn rate updated to 2.27 veh/s
2026-03-29T20:48:06.248+02:00  INFO 582251 --- [traffic-simulator] [       Thread-2] c.t.engine.CommandDispatcher             : Spawn rate updated to 2.29 veh/s
2026-03-29T20:48:06.248+02:00  INFO 582251 --- [traffic-simulator] [       Thread-2] c.t.engine.CommandDispatcher             : Spawn rate updated to 2.3000000000000003 veh/s
2026-03-29T20:48:06.248+02:00  INFO 582251 --- [traffic-simulator] [       Thread-2] c.t.engine.CommandDispatcher             : Spawn rate updated to 2.31 veh/s
2026-03-29T20:48:06.248+02:00  INFO 582251 --- [traffic-simulator] [       Thread-2] c.t.engine.CommandDispatcher             : Spawn rate updated to 2.2800000000000002 veh/s
2026-03-29T20:48:06.248+02:00  INFO 582251 --- [traffic-simulator] [       Thread-2] c.t.engine.CommandDispatcher             : Spawn rate updated to 2.33 veh/s
2026-03-29T20:48:06.248+02:00  INFO 582251 --- [traffic-simulator] [       Thread-2] c.t.engine.CommandDispatcher             : Spawn rate updated to 2.32 veh/s
2026-03-29T20:48:06.248+02:00  INFO 582251 --- [traffic-simulator] [       Thread-2] c.t.engine.CommandDispatcher             : Spawn rate updated to 2.35 veh/s
2026-03-29T20:48:06.248+02:00  INFO 582251 --- [traffic-simulator] [       Thread-2] c.t.engine.CommandDispatcher             : Spawn rate updated to 2.36 veh/s
2026-03-29T20:48:06.248+02:00  INFO 582251 --- [traffic-simulator] [       Thread-2] c.t.engine.CommandDispatcher             : Spawn rate updated to 2.34 veh/s
2026-03-29T20:48:06.248+02:00  INFO 582251 --- [traffic-simulator] [       Thread-2] c.t.engine.CommandDispatcher             : Spawn rate updated to 2.37 veh/s
2026-03-29T20:48:06.248+02:00  INFO 582251 --- [traffic-simulator] [       Thread-2] c.t.engine.CommandDispatcher             : Spawn rate updated to 2.38 veh/s
2026-03-29T20:48:06.248+02:00  INFO 582251 --- [traffic-simulator] [       Thread-2] c.t.engine.CommandDispatcher             : Spawn rate updated to 2.41 veh/s
2026-03-29T20:48:06.248+02:00  INFO 582251 --- [traffic-simulator] [       Thread-2] c.t.engine.CommandDispatcher             : Spawn rate updated to 2.42 veh/s
2026-03-29T20:48:06.248+02:00  INFO 582251 --- [traffic-simulator] [       Thread-2] c.t.engine.CommandDispatcher             : Spawn rate updated to 2.44 veh/s
2026-03-29T20:48:06.248+02:00  INFO 582251 --- [traffic-simulator] [       Thread-2] c.t.engine.CommandDispatcher             : Spawn rate updated to 2.43 veh/s
2026-03-29T20:48:06.248+02:00  INFO 582251 --- [traffic-simulator] [       Thread-2] c.t.engine.CommandDispatcher             : Spawn rate updated to 2.4 veh/s
2026-03-29T20:48:06.248+02:00  INFO 582251 --- [traffic-simulator] [       Thread-2] c.t.engine.CommandDispatcher             : Spawn rate updated to 2.46 veh/s
2026-03-29T20:48:06.248+02:00  INFO 582251 --- [traffic-simulator] [       Thread-2] c.t.engine.CommandDispatcher             : Spawn rate updated to 2.45 veh/s
2026-03-29T20:48:06.248+02:00  INFO 582251 --- [traffic-simulator] [       Thread-2] c.t.engine.CommandDispatcher             : Spawn rate updated to 2.47 veh/s
2026-03-29T20:48:06.248+02:00  INFO 582251 --- [traffic-simulator] [       Thread-2] c.t.engine.CommandDispatcher             : Spawn rate updated to 2.5 veh/s
2026-03-29T20:48:06.248+02:00  INFO 582251 --- [traffic-simulator] [       Thread-2] c.t.engine.CommandDispatcher             : Spawn rate updated to 2.49 veh/s
2026-03-29T20:48:06.248+02:00  INFO 582251 --- [traffic-simulator] [       Thread-2] c.t.engine.CommandDispatcher             : Spawn rate updated to 2.39 veh/s
2026-03-29T20:48:06.248+02:00  INFO 582251 --- [traffic-simulator] [       Thread-2] c.t.engine.CommandDispatcher             : Spawn rate updated to 2.48 veh/s
2026-03-29T20:48:06.248+02:00  INFO 582251 --- [traffic-simulator] [       Thread-2] c.t.engine.CommandDispatcher             : Spawn rate updated to 2.5100000000000002 veh/s
2026-03-29T20:48:06.248+02:00  INFO 582251 --- [traffic-simulator] [       Thread-2] c.t.engine.CommandDispatcher             : Spawn rate updated to 2.52 veh/s
2026-03-29T20:48:06.248+02:00  INFO 582251 --- [traffic-simulator] [       Thread-2] c.t.engine.CommandDispatcher             : Spawn rate updated to 2.5300000000000002 veh/s
2026-03-29T20:48:06.248+02:00  INFO 582251 --- [traffic-simulator] [       Thread-2] c.t.engine.CommandDispatcher             : Spawn rate updated to 2.5500000000000003 veh/s
2026-03-29T20:48:06.248+02:00  INFO 582251 --- [traffic-simulator] [       Thread-2] c.t.engine.CommandDispatcher             : Spawn rate updated to 2.57 veh/s
2026-03-29T20:48:06.248+02:00  INFO 582251 --- [traffic-simulator] [       Thread-2] c.t.engine.CommandDispatcher             : Spawn rate updated to 2.56 veh/s
2026-03-29T20:48:06.248+02:00  INFO 582251 --- [traffic-simulator] [       Thread-2] c.t.engine.CommandDispatcher             : Spawn rate updated to 2.54 veh/s
2026-03-29T20:48:06.248+02:00  INFO 582251 --- [traffic-simulator] [       Thread-2] c.t.engine.CommandDispatcher             : Spawn rate updated to 2.58 veh/s
2026-03-29T20:48:06.248+02:00  INFO 582251 --- [traffic-simulator] [       Thread-2] c.t.engine.CommandDispatcher             : Spawn rate updated to 2.6 veh/s
2026-03-29T20:48:06.248+02:00  INFO 582251 --- [traffic-simulator] [       Thread-2] c.t.engine.CommandDispatcher             : Spawn rate updated to 2.61 veh/s
2026-03-29T20:48:06.248+02:00  INFO 582251 --- [traffic-simulator] [       Thread-2] c.t.engine.CommandDispatcher             : Spawn rate updated to 2.62 veh/s
2026-03-29T20:48:06.248+02:00  INFO 582251 --- [traffic-simulator] [       Thread-2] c.t.engine.CommandDispatcher             : Spawn rate updated to 2.64 veh/s
2026-03-29T20:48:06.248+02:00  INFO 582251 --- [traffic-simulator] [       Thread-2] c.t.engine.CommandDispatcher             : Spawn rate updated to 2.63 veh/s
2026-03-29T20:48:06.248+02:00  INFO 582251 --- [traffic-simulator] [       Thread-2] c.t.engine.CommandDispatcher             : Spawn rate updated to 2.59 veh/s
2026-03-29T20:48:06.248+02:00  INFO 582251 --- [traffic-simulator] [       Thread-2] c.t.engine.CommandDispatcher             : Spawn rate updated to 0.21 veh/s
2026-03-29T20:48:06.248+02:00  INFO 582251 --- [traffic-simulator] [       Thread-2] c.t.engine.CommandDispatcher             : Spawn rate updated to 2.65 veh/s
2026-03-29T20:48:06.248+02:00  INFO 582251 --- [traffic-simulator] [       Thread-2] c.t.engine.CommandDispatcher             : Spawn rate updated to 2.67 veh/s
2026-03-29T20:48:06.248+02:00  INFO 582251 --- [traffic-simulator] [       Thread-2] c.t.engine.CommandDispatcher             : Spawn rate updated to 2.68 veh/s
2026-03-29T20:48:06.248+02:00  INFO 582251 --- [traffic-simulator] [       Thread-2] c.t.engine.CommandDispatcher             : Spawn rate updated to 2.66 veh/s
2026-03-29T20:48:06.248+02:00  INFO 582251 --- [traffic-simulator] [       Thread-2] c.t.engine.CommandDispatcher             : Spawn rate updated to 2.7 veh/s
2026-03-29T20:48:06.248+02:00  INFO 582251 --- [traffic-simulator] [       Thread-2] c.t.engine.CommandDispatcher             : Spawn rate updated to 2.71 veh/s
2026-03-29T20:48:06.248+02:00  INFO 582251 --- [traffic-simulator] [       Thread-2] c.t.engine.CommandDispatcher             : Spawn rate updated to 2.69 veh/s
2026-03-29T20:48:06.248+02:00  INFO 582251 --- [traffic-simulator] [       Thread-2] c.t.engine.CommandDispatcher             : Spawn rate updated to 2.72 veh/s
2026-03-29T20:48:06.248+02:00  INFO 582251 --- [traffic-simulator] [       Thread-2] c.t.engine.CommandDispatcher             : Spawn rate updated to 2.73 veh/s
2026-03-29T20:48:06.248+02:00  INFO 582251 --- [traffic-simulator] [       Thread-2] c.t.engine.CommandDispatcher             : Spawn rate updated to 2.74 veh/s
2026-03-29T20:48:06.248+02:00  INFO 582251 --- [traffic-simulator] [       Thread-2] c.t.engine.CommandDispatcher             : Spawn rate updated to 2.75 veh/s
2026-03-29T20:48:06.248+02:00  INFO 582251 --- [traffic-simulator] [       Thread-2] c.t.engine.CommandDispatcher             : Spawn rate updated to 2.7600000000000002 veh/s
2026-03-29T20:48:06.248+02:00  INFO 582251 --- [traffic-simulator] [       Thread-2] c.t.engine.CommandDispatcher             : Spawn rate updated to 2.77 veh/s
2026-03-29T20:48:06.248+02:00  INFO 582251 --- [traffic-simulator] [       Thread-2] c.t.engine.CommandDispatcher             : Spawn rate updated to 2.7800000000000002 veh/s
2026-03-29T20:48:06.248+02:00  INFO 582251 --- [traffic-simulator] [       Thread-2] c.t.engine.CommandDispatcher             : Spawn rate updated to 2.79 veh/s
2026-03-29T20:48:06.248+02:00  INFO 582251 --- [traffic-simulator] [       Thread-2] c.t.engine.CommandDispatcher             : Spawn rate updated to 2.81 veh/s
2026-03-29T20:48:06.248+02:00  INFO 582251 --- [traffic-simulator] [       Thread-2] c.t.engine.CommandDispatcher             : Spawn rate updated to 2.82 veh/s
2026-03-29T20:48:06.248+02:00  INFO 582251 --- [traffic-simulator] [       Thread-2] c.t.engine.CommandDispatcher             : Spawn rate updated to 2.84 veh/s
2026-03-29T20:48:06.248+02:00  INFO 582251 --- [traffic-simulator] [       Thread-2] c.t.engine.CommandDispatcher             : Spawn rate updated to 2.83 veh/s
2026-03-29T20:48:06.248+02:00  INFO 582251 --- [traffic-simulator] [       Thread-2] c.t.engine.CommandDispatcher             : Spawn rate updated to 2.86 veh/s
2026-03-29T20:48:06.248+02:00  INFO 582251 --- [traffic-simulator] [       Thread-2] c.t.engine.CommandDispatcher             : Spawn rate updated to 0.22 veh/s
2026-03-29T20:48:06.248+02:00  INFO 582251 --- [traffic-simulator] [       Thread-2] c.t.engine.CommandDispatcher             : Spawn rate updated to 2.8000000000000003 veh/s
2026-03-29T20:48:06.248+02:00  INFO 582251 --- [traffic-simulator] [       Thread-2] c.t.engine.CommandDispatcher             : Spawn rate updated to 2.87 veh/s
2026-03-29T20:48:06.248+02:00  INFO 582251 --- [traffic-simulator] [       Thread-2] c.t.engine.CommandDispatcher             : Spawn rate updated to 2.85 veh/s
2026-03-29T20:48:06.248+02:00  INFO 582251 --- [traffic-simulator] [       Thread-2] c.t.engine.CommandDispatcher             : Spawn rate updated to 2.89 veh/s
2026-03-29T20:48:06.248+02:00  INFO 582251 --- [traffic-simulator] [       Thread-2] c.t.engine.CommandDispatcher             : Spawn rate updated to 2.9 veh/s
2026-03-29T20:48:06.248+02:00  INFO 582251 --- [traffic-simulator] [       Thread-2] c.t.engine.CommandDispatcher             : Spawn rate updated to 2.88 veh/s
2026-03-29T20:48:06.248+02:00  INFO 582251 --- [traffic-simulator] [       Thread-2] c.t.engine.CommandDispatcher             : Spawn rate updated to 2.91 veh/s
2026-03-29T20:48:06.248+02:00  INFO 582251 --- [traffic-simulator] [       Thread-2] c.t.engine.CommandDispatcher             : Spawn rate updated to 2.92 veh/s
2026-03-29T20:48:06.248+02:00  INFO 582251 --- [traffic-simulator] [       Thread-2] c.t.engine.CommandDispatcher             : Spawn rate updated to 2.93 veh/s
2026-03-29T20:48:06.248+02:00  INFO 582251 --- [traffic-simulator] [       Thread-2] c.t.engine.CommandDispatcher             : Spawn rate updated to 2.94 veh/s
2026-03-29T20:48:06.248+02:00  INFO 582251 --- [traffic-simulator] [       Thread-2] c.t.engine.CommandDispatcher             : Spawn rate updated to 2.95 veh/s
2026-03-29T20:48:06.248+02:00  INFO 582251 --- [traffic-simulator] [       Thread-2] c.t.engine.CommandDispatcher             : Spawn rate updated to 2.96 veh/s
2026-03-29T20:48:06.248+02:00  INFO 582251 --- [traffic-simulator] [       Thread-2] c.t.engine.CommandDispatcher             : Spawn rate updated to 2.97 veh/s
2026-03-29T20:48:06.248+02:00  INFO 582251 --- [traffic-simulator] [       Thread-2] c.t.engine.CommandDispatcher             : Spawn rate updated to 2.98 veh/s
2026-03-29T20:48:06.248+02:00  INFO 582251 --- [traffic-simulator] [       Thread-2] c.t.engine.CommandDispatcher             : Spawn rate updated to 2.99 veh/s
2026-03-29T20:48:06.248+02:00  INFO 582251 --- [traffic-simulator] [       Thread-2] c.t.engine.CommandDispatcher             : Spawn rate updated to 3.0 veh/s
2026-03-29T20:48:06.248+02:00  INFO 582251 --- [traffic-simulator] [       Thread-2] c.t.engine.CommandDispatcher             : Spawn rate updated to 0.23 veh/s
2026-03-29T20:48:06.248+02:00  INFO 582251 --- [traffic-simulator] [       Thread-2] c.t.engine.CommandDispatcher             : Spawn rate updated to 3.0100000000000002 veh/s
2026-03-29T20:48:06.248+02:00  INFO 582251 --- [traffic-simulator] [       Thread-2] c.t.engine.CommandDispatcher             : Spawn rate updated to 3.04 veh/s
2026-03-29T20:48:06.248+02:00  INFO 582251 --- [traffic-simulator] [       Thread-2] c.t.engine.CommandDispatcher             : Spawn rate updated to 3.0300000000000002 veh/s
2026-03-29T20:48:06.248+02:00  INFO 582251 --- [traffic-simulator] [       Thread-2] c.t.engine.CommandDispatcher             : Spawn rate updated to 3.02 veh/s
2026-03-29T20:48:06.248+02:00  INFO 582251 --- [traffic-simulator] [       Thread-2] c.t.engine.CommandDispatcher             : Spawn rate updated to 3.0700000000000003 veh/s
2026-03-29T20:48:06.248+02:00  INFO 582251 --- [traffic-simulator] [       Thread-2] c.t.engine.CommandDispatcher             : Spawn rate updated to 3.1 veh/s
2026-03-29T20:48:06.248+02:00  INFO 582251 --- [traffic-simulator] [       Thread-2] c.t.engine.CommandDispatcher             : Spawn rate updated to 3.0500000000000003 veh/s
2026-03-29T20:48:06.248+02:00  INFO 582251 --- [traffic-simulator] [       Thread-2] c.t.engine.CommandDispatcher             : Spawn rate updated to 3.08 veh/s
2026-03-29T20:48:06.248+02:00  INFO 582251 --- [traffic-simulator] [       Thread-2] c.t.engine.CommandDispatcher             : Spawn rate updated to 3.11 veh/s
2026-03-29T20:48:06.248+02:00  INFO 582251 --- [traffic-simulator] [       Thread-2] c.t.engine.CommandDispatcher             : Spawn rate updated to 3.12 veh/s
2026-03-29T20:48:06.248+02:00  INFO 582251 --- [traffic-simulator] [       Thread-2] c.t.engine.CommandDispatcher             : Spawn rate updated to 3.13 veh/s
2026-03-29T20:48:06.248+02:00  INFO 582251 --- [traffic-simulator] [       Thread-2] c.t.engine.CommandDispatcher             : Spawn rate updated to 3.14 veh/s
2026-03-29T20:48:06.248+02:00  INFO 582251 --- [traffic-simulator] [       Thread-2] c.t.engine.CommandDispatcher             : Spawn rate updated to 3.15 veh/s
2026-03-29T20:48:06.248+02:00  INFO 582251 --- [traffic-simulator] [       Thread-2] c.t.engine.CommandDispatcher             : Spawn rate updated to 3.09 veh/s
2026-03-29T20:48:06.248+02:00  INFO 582251 --- [traffic-simulator] [       Thread-2] c.t.engine.CommandDispatcher             : Spawn rate updated to 0.25 veh/s
2026-03-29T20:48:06.248+02:00  INFO 582251 --- [traffic-simulator] [       Thread-2] c.t.engine.CommandDispatcher             : Spawn rate updated to 3.16 veh/s
2026-03-29T20:48:06.248+02:00  INFO 582251 --- [traffic-simulator] [       Thread-2] c.t.engine.CommandDispatcher             : Spawn rate updated to 3.17 veh/s
2026-03-29T20:48:06.248+02:00  INFO 582251 --- [traffic-simulator] [       Thread-2] c.t.engine.CommandDispatcher             : Spawn rate updated to 3.18 veh/s
2026-03-29T20:48:06.248+02:00  INFO 582251 --- [traffic-simulator] [       Thread-2] c.t.engine.CommandDispatcher             : Spawn rate updated to 3.2 veh/s
2026-03-29T20:48:06.248+02:00  INFO 582251 --- [traffic-simulator] [       Thread-2] c.t.engine.CommandDispatcher             : Spawn rate updated to 3.19 veh/s
2026-03-29T20:48:06.248+02:00  INFO 582251 --- [traffic-simulator] [       Thread-2] c.t.engine.CommandDispatcher             : Spawn rate updated to 0.24 veh/s
2026-03-29T20:48:06.248+02:00  INFO 582251 --- [traffic-simulator] [       Thread-2] c.t.engine.CommandDispatcher             : Spawn rate updated to 3.21 veh/s
2026-03-29T20:48:06.248+02:00  INFO 582251 --- [traffic-simulator] [       Thread-2] c.t.engine.CommandDispatcher             : Spawn rate updated to 3.22 veh/s
2026-03-29T20:48:06.248+02:00  INFO 582251 --- [traffic-simulator] [       Thread-2] c.t.engine.CommandDispatcher             : Spawn rate updated to 3.24 veh/s
2026-03-29T20:48:06.248+02:00  INFO 582251 --- [traffic-simulator] [       Thread-2] c.t.engine.CommandDispatcher             : Spawn rate updated to 3.23 veh/s
2026-03-29T20:48:06.248+02:00  INFO 582251 --- [traffic-simulator] [       Thread-2] c.t.engine.CommandDispatcher             : Spawn rate updated to 3.25 veh/s
2026-03-29T20:48:06.248+02:00  INFO 582251 --- [traffic-simulator] [       Thread-2] c.t.engine.CommandDispatcher             : Spawn rate updated to 3.2600000000000002 veh/s
2026-03-29T20:48:06.248+02:00  INFO 582251 --- [traffic-simulator] [       Thread-2] c.t.engine.CommandDispatcher             : Spawn rate updated to 3.27 veh/s
2026-03-29T20:48:06.248+02:00  INFO 582251 --- [traffic-simulator] [       Thread-2] c.t.engine.CommandDispatcher             : Spawn rate updated to 3.2800000000000002 veh/s
2026-03-29T20:48:06.248+02:00  INFO 582251 --- [traffic-simulator] [       Thread-2] c.t.engine.CommandDispatcher             : Spawn rate updated to 3.29 veh/s
2026-03-29T20:48:06.250+02:00  INFO 582251 --- [traffic-simulator] [       Thread-2] c.t.engine.CommandDispatcher             : Spawn rate updated to 3.3000000000000003 veh/s
2026-03-29T20:48:06.250+02:00  INFO 582251 --- [traffic-simulator] [       Thread-2] c.t.engine.CommandDispatcher             : Spawn rate updated to 3.3200000000000003 veh/s
2026-03-29T20:48:06.250+02:00  INFO 582251 --- [traffic-simulator] [       Thread-2] c.t.engine.CommandDispatcher             : Spawn rate updated to 3.31 veh/s
2026-03-29T20:48:06.250+02:00  INFO 582251 --- [traffic-simulator] [       Thread-2] c.t.engine.CommandDispatcher             : Spawn rate updated to 3.33 veh/s
2026-03-29T20:48:06.250+02:00  INFO 582251 --- [traffic-simulator] [       Thread-2] c.t.engine.CommandDispatcher             : Spawn rate updated to 3.35 veh/s
2026-03-29T20:48:06.250+02:00  INFO 582251 --- [traffic-simulator] [       Thread-2] c.t.engine.CommandDispatcher             : Spawn rate updated to 3.34 veh/s
2026-03-29T20:48:06.250+02:00  INFO 582251 --- [traffic-simulator] [       Thread-2] c.t.engine.CommandDispatcher             : Spawn rate updated to 3.36 veh/s
2026-03-29T20:48:06.250+02:00  INFO 582251 --- [traffic-simulator] [       Thread-2] c.t.engine.CommandDispatcher             : Spawn rate updated to 3.38 veh/s
2026-03-29T20:48:06.250+02:00  INFO 582251 --- [traffic-simulator] [       Thread-2] c.t.engine.CommandDispatcher             : Spawn rate updated to 3.37 veh/s
2026-03-29T20:48:06.250+02:00  INFO 582251 --- [traffic-simulator] [       Thread-2] c.t.engine.CommandDispatcher             : Spawn rate updated to 3.39 veh/s
2026-03-29T20:48:06.250+02:00  INFO 582251 --- [traffic-simulator] [       Thread-2] c.t.engine.CommandDispatcher             : Spawn rate updated to 3.41 veh/s
2026-03-29T20:48:06.250+02:00  INFO 582251 --- [traffic-simulator] [       Thread-2] c.t.engine.CommandDispatcher             : Spawn rate updated to 3.4 veh/s
2026-03-29T20:48:06.250+02:00  INFO 582251 --- [traffic-simulator] [       Thread-2] c.t.engine.CommandDispatcher             : Spawn rate updated to 3.42 veh/s
2026-03-29T20:48:06.250+02:00  INFO 582251 --- [traffic-simulator] [       Thread-2] c.t.engine.CommandDispatcher             : Spawn rate updated to 3.43 veh/s
2026-03-29T20:48:06.250+02:00  INFO 582251 --- [traffic-simulator] [       Thread-2] c.t.engine.CommandDispatcher             : Spawn rate updated to 3.44 veh/s
2026-03-29T20:48:06.250+02:00  INFO 582251 --- [traffic-simulator] [       Thread-2] c.t.engine.CommandDispatcher             : Spawn rate updated to 3.45 veh/s
2026-03-29T20:48:06.250+02:00  INFO 582251 --- [traffic-simulator] [       Thread-2] c.t.engine.CommandDispatcher             : Spawn rate updated to 3.46 veh/s
2026-03-29T20:48:06.250+02:00  INFO 582251 --- [traffic-simulator] [       Thread-2] c.t.engine.CommandDispatcher             : Spawn rate updated to 3.47 veh/s
2026-03-29T20:48:06.250+02:00  INFO 582251 --- [traffic-simulator] [       Thread-2] c.t.engine.CommandDispatcher             : Spawn rate updated to 0.26 veh/s
2026-03-29T20:48:06.250+02:00  INFO 582251 --- [traffic-simulator] [       Thread-2] c.t.engine.CommandDispatcher             : Spawn rate updated to 3.48 veh/s
2026-03-29T20:48:06.250+02:00  INFO 582251 --- [traffic-simulator] [       Thread-2] c.t.engine.CommandDispatcher             : Spawn rate updated to 3.49 veh/s
2026-03-29T20:48:06.250+02:00  INFO 582251 --- [traffic-simulator] [       Thread-2] c.t.engine.CommandDispatcher             : Spawn rate updated to 3.5 veh/s
2026-03-29T20:48:06.250+02:00  INFO 582251 --- [traffic-simulator] [       Thread-2] c.t.engine.CommandDispatcher             : Spawn rate updated to 3.5100000000000002 veh/s
2026-03-29T20:48:06.250+02:00  INFO 582251 --- [traffic-simulator] [       Thread-2] c.t.engine.CommandDispatcher             : Spawn rate updated to 3.52 veh/s
2026-03-29T20:48:06.250+02:00  INFO 582251 --- [traffic-simulator] [       Thread-2] c.t.engine.CommandDispatcher             : Spawn rate updated to 3.5300000000000002 veh/s
2026-03-29T20:48:06.250+02:00  INFO 582251 --- [traffic-simulator] [       Thread-2] c.t.engine.CommandDispatcher             : Spawn rate updated to 3.54 veh/s
2026-03-29T20:48:06.250+02:00  INFO 582251 --- [traffic-simulator] [       Thread-2] c.t.engine.CommandDispatcher             : Spawn rate updated to 0.27 veh/s
2026-03-29T20:48:06.250+02:00  INFO 582251 --- [traffic-simulator] [       Thread-2] c.t.engine.CommandDispatcher             : Spawn rate updated to 3.5500000000000003 veh/s
2026-03-29T20:48:06.250+02:00  INFO 582251 --- [traffic-simulator] [       Thread-2] c.t.engine.CommandDispatcher             : Spawn rate updated to 3.06 veh/s
2026-03-29T20:48:06.250+02:00  INFO 582251 --- [traffic-simulator] [       Thread-2] c.t.engine.CommandDispatcher             : Spawn rate updated to 0.28 veh/s
2026-03-29T20:48:06.250+02:00  INFO 582251 --- [traffic-simulator] [       Thread-2] c.t.engine.CommandDispatcher             : Spawn rate updated to 3.56 veh/s
2026-03-29T20:48:06.250+02:00  INFO 582251 --- [traffic-simulator] [       Thread-2] c.t.engine.CommandDispatcher             : Spawn rate updated to 3.59 veh/s
2026-03-29T20:48:06.250+02:00  INFO 582251 --- [traffic-simulator] [       Thread-2] c.t.engine.CommandDispatcher             : Spawn rate updated to 0.29 veh/s
2026-03-29T20:48:06.250+02:00  INFO 582251 --- [traffic-simulator] [       Thread-2] c.t.engine.CommandDispatcher             : Spawn rate updated to 3.61 veh/s
2026-03-29T20:48:06.250+02:00  INFO 582251 --- [traffic-simulator] [       Thread-2] c.t.engine.CommandDispatcher             : Spawn rate updated to 3.6 veh/s
2026-03-29T20:48:06.250+02:00  INFO 582251 --- [traffic-simulator] [       Thread-2] c.t.engine.CommandDispatcher             : Spawn rate updated to 3.62 veh/s
2026-03-29T20:48:06.250+02:00  INFO 582251 --- [traffic-simulator] [       Thread-2] c.t.engine.CommandDispatcher             : Spawn rate updated to 3.63 veh/s
2026-03-29T20:48:06.250+02:00  INFO 582251 --- [traffic-simulator] [       Thread-2] c.t.engine.CommandDispatcher             : Spawn rate updated to 3.58 veh/s
2026-03-29T20:48:06.250+02:00  INFO 582251 --- [traffic-simulator] [       Thread-2] c.t.engine.CommandDispatcher             : Spawn rate updated to 3.65 veh/s
2026-03-29T20:48:06.250+02:00  INFO 582251 --- [traffic-simulator] [       Thread-2] c.t.engine.CommandDispatcher             : Spawn rate updated to 3.64 veh/s
2026-03-29T20:48:06.250+02:00  INFO 582251 --- [traffic-simulator] [       Thread-2] c.t.engine.CommandDispatcher             : Spawn rate updated to 3.66 veh/s
2026-03-29T20:48:06.250+02:00  INFO 582251 --- [traffic-simulator] [       Thread-2] c.t.engine.CommandDispatcher             : Spawn rate updated to 0.3 veh/s
2026-03-29T20:48:06.250+02:00  INFO 582251 --- [traffic-simulator] [       Thread-2] c.t.engine.CommandDispatcher             : Spawn rate updated to 3.67 veh/s
2026-03-29T20:48:06.250+02:00  INFO 582251 --- [traffic-simulator] [       Thread-2] c.t.engine.CommandDispatcher             : Spawn rate updated to 3.68 veh/s
2026-03-29T20:48:06.250+02:00  INFO 582251 --- [traffic-simulator] [       Thread-2] c.t.engine.CommandDispatcher             : Spawn rate updated to 3.69 veh/s
2026-03-29T20:48:06.250+02:00  INFO 582251 --- [traffic-simulator] [       Thread-2] c.t.engine.CommandDispatcher             : Spawn rate updated to 3.72 veh/s
2026-03-29T20:48:06.250+02:00  INFO 582251 --- [traffic-simulator] [       Thread-2] c.t.engine.CommandDispatcher             : Spawn rate updated to 3.71 veh/s
2026-03-29T20:48:06.250+02:00  INFO 582251 --- [traffic-simulator] [       Thread-2] c.t.engine.CommandDispatcher             : Spawn rate updated to 3.73 veh/s
2026-03-29T20:48:06.250+02:00  INFO 582251 --- [traffic-simulator] [       Thread-2] c.t.engine.CommandDispatcher             : Spawn rate updated to 3.74 veh/s
2026-03-29T20:48:06.250+02:00  INFO 582251 --- [traffic-simulator] [       Thread-2] c.t.engine.CommandDispatcher             : Spawn rate updated to 0.31 veh/s
2026-03-29T20:48:06.250+02:00  INFO 582251 --- [traffic-simulator] [       Thread-2] c.t.engine.CommandDispatcher             : Spawn rate updated to 3.77 veh/s
2026-03-29T20:48:06.250+02:00  INFO 582251 --- [traffic-simulator] [       Thread-2] c.t.engine.CommandDispatcher             : Spawn rate updated to 3.7600000000000002 veh/s
2026-03-29T20:48:06.250+02:00  INFO 582251 --- [traffic-simulator] [       Thread-2] c.t.engine.CommandDispatcher             : Spawn rate updated to 3.7800000000000002 veh/s
2026-03-29T20:48:06.250+02:00  INFO 582251 --- [traffic-simulator] [       Thread-2] c.t.engine.CommandDispatcher             : Spawn rate updated to 3.5700000000000003 veh/s
2026-03-29T20:48:06.250+02:00  INFO 582251 --- [traffic-simulator] [       Thread-2] c.t.engine.CommandDispatcher             : Spawn rate updated to 3.79 veh/s
2026-03-29T20:48:06.250+02:00  INFO 582251 --- [traffic-simulator] [       Thread-2] c.t.engine.CommandDispatcher             : Spawn rate updated to 3.8000000000000003 veh/s
2026-03-29T20:48:06.250+02:00  INFO 582251 --- [traffic-simulator] [       Thread-2] c.t.engine.CommandDispatcher             : Spawn rate updated to 3.81 veh/s
2026-03-29T20:48:06.250+02:00  INFO 582251 --- [traffic-simulator] [       Thread-2] c.t.engine.CommandDispatcher             : Spawn rate updated to 3.83 veh/s
2026-03-29T20:48:06.250+02:00  INFO 582251 --- [traffic-simulator] [       Thread-2] c.t.engine.CommandDispatcher             : Spawn rate updated to 3.8200000000000003 veh/s
2026-03-29T20:48:06.250+02:00  INFO 582251 --- [traffic-simulator] [       Thread-2] c.t.engine.CommandDispatcher             : Spawn rate updated to 3.85 veh/s
2026-03-29T20:48:06.250+02:00  INFO 582251 --- [traffic-simulator] [       Thread-2] c.t.engine.CommandDispatcher             : Spawn rate updated to 3.87 veh/s
2026-03-29T20:48:06.250+02:00  INFO 582251 --- [traffic-simulator] [       Thread-2] c.t.engine.CommandDispatcher             : Spawn rate updated to 3.86 veh/s
2026-03-29T20:48:06.250+02:00  INFO 582251 --- [traffic-simulator] [       Thread-2] c.t.engine.CommandDispatcher             : Spawn rate updated to 3.88 veh/s
2026-03-29T20:48:06.250+02:00  INFO 582251 --- [traffic-simulator] [       Thread-2] c.t.engine.CommandDispatcher             : Spawn rate updated to 3.9 veh/s
2026-03-29T20:48:06.250+02:00  INFO 582251 --- [traffic-simulator] [       Thread-2] c.t.engine.CommandDispatcher             : Spawn rate updated to 3.91 veh/s
2026-03-29T20:48:06.250+02:00  INFO 582251 --- [traffic-simulator] [       Thread-2] c.t.engine.CommandDispatcher             : Spawn rate updated to 3.93 veh/s
2026-03-29T20:48:06.250+02:00  INFO 582251 --- [traffic-simulator] [       Thread-2] c.t.engine.CommandDispatcher             : Spawn rate updated to 3.94 veh/s
2026-03-29T20:48:06.250+02:00  INFO 582251 --- [traffic-simulator] [       Thread-2] c.t.engine.CommandDispatcher             : Spawn rate updated to 3.92 veh/s
2026-03-29T20:48:06.250+02:00  INFO 582251 --- [traffic-simulator] [       Thread-2] c.t.engine.CommandDispatcher             : Spawn rate updated to 3.95 veh/s
2026-03-29T20:48:06.250+02:00  INFO 582251 --- [traffic-simulator] [       Thread-2] c.t.engine.CommandDispatcher             : Spawn rate updated to 3.96 veh/s
2026-03-29T20:48:06.250+02:00  INFO 582251 --- [traffic-simulator] [       Thread-2] c.t.engine.CommandDispatcher             : Spawn rate updated to 3.97 veh/s
[...]
2026-03-29T20:48:06.253+02:00  INFO 582251 --- [traffic-simulator] [       Thread-2] c.t.engine.CommandDispatcher             : Spawn rate updated to 8.92 veh/s
2026-03-29T20:48:06.253+02:00  INFO 582251 --- [traffic-simulator] [       Thread-2] c.t.engine.CommandDispatcher             : Spawn rate updated to 8.93 veh/s
2026-03-29T20:48:06.253+02:00  INFO 582251 --- [traffic-simulator] [       Thread-2] c.t.engine.CommandDispatcher             : Spawn rate updated to 8.59 veh/s
2026-03-29T20:48:06.253+02:00  INFO 582251 --- [traffic-simulator] [       Thread-2] c.t.engine.CommandDispatcher             : Spawn rate updated to 8.950000000000001 veh/s
2026-03-29T20:48:06.253+02:00  INFO 582251 --- [traffic-simulator] [       Thread-2] c.t.engine.CommandDispatcher             : Spawn rate updated to 8.96 veh/s
2026-03-29T20:48:06.253+02:00  INFO 582251 --- [traffic-simulator] [       Thread-2] c.t.engine.CommandDispatcher             : Spawn rate updated to 8.97 veh/s
2026-03-29T20:48:06.253+02:00  INFO 582251 --- [traffic-simulator] [       Thread-2] c.t.engine.CommandDispatcher             : Spawn rate updated to 8.99 veh/s
2026-03-29T20:48:06.253+02:00  INFO 582251 --- [traffic-simulator] [       Thread-2] c.t.engine.CommandDispatcher             : Spawn rate updated to 8.98 veh/s
2026-03-29T20:48:06.253+02:00  INFO 582251 --- [traffic-simulator] [       Thread-2] c.t.engine.CommandDispatcher             : Spawn rate updated to 8.700000000000001 veh/s
2026-03-29T20:48:06.253+02:00  INFO 582251 --- [traffic-simulator] [       Thread-2] c.t.engine.CommandDispatcher             : Spawn rate updated to 9.02 veh/s
2026-03-29T20:48:06.253+02:00  INFO 582251 --- [traffic-simulator] [       Thread-2] c.t.engine.CommandDispatcher             : Spawn rate updated to 9.03 veh/s
2026-03-29T20:48:06.253+02:00  INFO 582251 --- [traffic-simulator] [       Thread-2] c.t.engine.CommandDispatcher             : Spawn rate updated to 9.040000000000001 veh/s
2026-03-29T20:48:06.253+02:00  INFO 582251 --- [traffic-simulator] [       Thread-2] c.t.engine.CommandDispatcher             : Spawn rate updated to 9.05 veh/s
2026-03-29T20:48:06.253+02:00  INFO 582251 --- [traffic-simulator] [       Thread-2] c.t.engine.CommandDispatcher             : Spawn rate updated to 9.06 veh/s
2026-03-29T20:48:06.253+02:00  INFO 582251 --- [traffic-simulator] [       Thread-2] c.t.engine.CommandDispatcher             : Spawn rate updated to 9.08 veh/s
2026-03-29T20:48:06.253+02:00  INFO 582251 --- [traffic-simulator] [       Thread-2] c.t.engine.CommandDispatcher             : Spawn rate updated to 9.09 veh/s
2026-03-29T20:48:06.253+02:00  INFO 582251 --- [traffic-simulator] [       Thread-2] c.t.engine.CommandDispatcher             : Spawn rate updated to 9.1 veh/s
2026-03-29T20:48:06.253+02:00  INFO 582251 --- [traffic-simulator] [       Thread-2] c.t.engine.CommandDispatcher             : Spawn rate updated to 8.74 veh/s
2026-03-29T20:48:06.253+02:00  INFO 582251 --- [traffic-simulator] [       Thread-2] c.t.engine.CommandDispatcher             : Spawn rate updated to 8.77 veh/s
2026-03-29T20:48:06.253+02:00  INFO 582251 --- [traffic-simulator] [       Thread-2] c.t.engine.CommandDispatcher             : Spawn rate updated to 9.13 veh/s
2026-03-29T20:48:06.253+02:00  INFO 582251 --- [traffic-simulator] [       Thread-2] c.t.engine.CommandDispatcher             : Spawn rate updated to 9.120000000000001 veh/s
2026-03-29T20:48:06.253+02:00  INFO 582251 --- [traffic-simulator] [       Thread-2] c.t.engine.CommandDispatcher             : Spawn rate updated to 9.14 veh/s
2026-03-29T20:48:06.253+02:00  INFO 582251 --- [traffic-simulator] [       Thread-2] c.t.engine.CommandDispatcher             : Spawn rate updated to 8.78 veh/s
2026-03-29T20:48:06.253+02:00  INFO 582251 --- [traffic-simulator] [       Thread-2] c.t.engine.CommandDispatcher             : Spawn rate updated to 9.15 veh/s
2026-03-29T20:48:06.253+02:00  INFO 582251 --- [traffic-simulator] [       Thread-2] c.t.engine.CommandDispatcher             : Spawn rate updated to 9.16 veh/s
2026-03-29T20:48:06.253+02:00  INFO 582251 --- [traffic-simulator] [       Thread-2] c.t.engine.CommandDispatcher             : Spawn rate updated to 8.790000000000001 veh/s
2026-03-29T20:48:06.253+02:00  INFO 582251 --- [traffic-simulator] [       Thread-2] c.t.engine.CommandDispatcher             : Spawn rate updated to 9.18 veh/s
2026-03-29T20:48:06.253+02:00  INFO 582251 --- [traffic-simulator] [       Thread-2] c.t.engine.CommandDispatcher             : Spawn rate updated to 9.17 veh/s
2026-03-29T20:48:06.253+02:00  INFO 582251 --- [traffic-simulator] [       Thread-2] c.t.engine.CommandDispatcher             : Spawn rate updated to 9.19 veh/s
2026-03-29T20:48:06.253+02:00  INFO 582251 --- [traffic-simulator] [       Thread-2] c.t.engine.CommandDispatcher             : Spawn rate updated to 9.200000000000001 veh/s
2026-03-29T20:48:06.253+02:00  INFO 582251 --- [traffic-simulator] [       Thread-2] c.t.engine.CommandDispatcher             : Spawn rate updated to 8.86 veh/s
2026-03-29T20:48:06.253+02:00  INFO 582251 --- [traffic-simulator] [       Thread-2] c.t.engine.CommandDispatcher             : Spawn rate updated to 9.21 veh/s
2026-03-29T20:48:06.253+02:00  INFO 582251 --- [traffic-simulator] [       Thread-2] c.t.engine.CommandDispatcher             : Spawn rate updated to 9.22 veh/s
2026-03-29T20:48:06.253+02:00  INFO 582251 --- [traffic-simulator] [       Thread-2] c.t.engine.CommandDispatcher             : Spawn rate updated to 9.23 veh/s
2026-03-29T20:48:06.253+02:00  INFO 582251 --- [traffic-simulator] [       Thread-2] c.t.engine.CommandDispatcher             : Spawn rate updated to 9.24 veh/s
2026-03-29T20:48:06.253+02:00  INFO 582251 --- [traffic-simulator] [       Thread-2] c.t.engine.CommandDispatcher             : Spawn rate updated to 9.25 veh/s
2026-03-29T20:48:06.253+02:00  INFO 582251 --- [traffic-simulator] [       Thread-2] c.t.engine.CommandDispatcher             : Spawn rate updated to 9.26 veh/s
2026-03-29T20:48:06.253+02:00  INFO 582251 --- [traffic-simulator] [       Thread-2] c.t.engine.CommandDispatcher             : Spawn rate updated to 9.27 veh/s
2026-03-29T20:48:06.253+02:00  INFO 582251 --- [traffic-simulator] [       Thread-2] c.t.engine.CommandDispatcher             : Spawn rate updated to 8.94 veh/s
2026-03-29T20:48:06.253+02:00  INFO 582251 --- [traffic-simulator] [       Thread-2] c.t.engine.CommandDispatcher             : Spawn rate updated to 9.3 veh/s
2026-03-29T20:48:06.253+02:00  INFO 582251 --- [traffic-simulator] [       Thread-2] c.t.engine.CommandDispatcher             : Spawn rate updated to 9.31 veh/s
2026-03-29T20:48:06.253+02:00  INFO 582251 --- [traffic-simulator] [       Thread-2] c.t.engine.CommandDispatcher             : Spawn rate updated to 9.32 veh/s
2026-03-29T20:48:06.253+02:00  INFO 582251 --- [traffic-simulator] [       Thread-2] c.t.engine.CommandDispatcher             : Spawn rate updated to 9.33 veh/s
2026-03-29T20:48:06.253+02:00  INFO 582251 --- [traffic-simulator] [       Thread-2] c.t.engine.CommandDispatcher             : Spawn rate updated to 9.34 veh/s
2026-03-29T20:48:06.253+02:00  INFO 582251 --- [traffic-simulator] [       Thread-2] c.t.engine.CommandDispatcher             : Spawn rate updated to 9.35 veh/s
2026-03-29T20:48:06.253+02:00  INFO 582251 --- [traffic-simulator] [       Thread-2] c.t.engine.CommandDispatcher             : Spawn rate updated to 9.370000000000001 veh/s
2026-03-29T20:48:06.253+02:00  INFO 582251 --- [traffic-simulator] [       Thread-2] c.t.engine.CommandDispatcher             : Spawn rate updated to 9.38 veh/s
2026-03-29T20:48:06.253+02:00  INFO 582251 --- [traffic-simulator] [       Thread-2] c.t.engine.CommandDispatcher             : Spawn rate updated to 9.0 veh/s
2026-03-29T20:48:06.253+02:00  INFO 582251 --- [traffic-simulator] [       Thread-2] c.t.engine.CommandDispatcher             : Spawn rate updated to 9.36 veh/s
2026-03-29T20:48:06.253+02:00  INFO 582251 --- [traffic-simulator] [       Thread-2] c.t.engine.CommandDispatcher             : Spawn rate updated to 9.39 veh/s
2026-03-29T20:48:06.253+02:00  INFO 582251 --- [traffic-simulator] [       Thread-2] c.t.engine.CommandDispatcher             : Spawn rate updated to 9.41 veh/s
2026-03-29T20:48:06.253+02:00  INFO 582251 --- [traffic-simulator] [       Thread-2] c.t.engine.CommandDispatcher             : Spawn rate updated to 9.01 veh/s
2026-03-29T20:48:06.253+02:00  INFO 582251 --- [traffic-simulator] [       Thread-2] c.t.engine.CommandDispatcher             : Spawn rate updated to 9.43 veh/s
2026-03-29T20:48:06.253+02:00  INFO 582251 --- [traffic-simulator] [       Thread-2] c.t.engine.CommandDispatcher             : Spawn rate updated to 9.44 veh/s
2026-03-29T20:48:06.253+02:00  INFO 582251 --- [traffic-simulator] [       Thread-2] c.t.engine.CommandDispatcher             : Spawn rate updated to 9.07 veh/s
2026-03-29T20:48:06.253+02:00  INFO 582251 --- [traffic-simulator] [       Thread-2] c.t.engine.CommandDispatcher             : Spawn rate updated to 9.450000000000001 veh/s
2026-03-29T20:48:06.253+02:00  INFO 582251 --- [traffic-simulator] [       Thread-2] c.t.engine.CommandDispatcher             : Spawn rate updated to 9.46 veh/s
2026-03-29T20:48:06.253+02:00  INFO 582251 --- [traffic-simulator] [       Thread-2] c.t.engine.CommandDispatcher             : Spawn rate updated to 9.47 veh/s
2026-03-29T20:48:06.253+02:00  INFO 582251 --- [traffic-simulator] [       Thread-2] c.t.engine.CommandDispatcher             : Spawn rate updated to 9.49 veh/s
2026-03-29T20:48:06.253+02:00  INFO 582251 --- [traffic-simulator] [       Thread-2] c.t.engine.CommandDispatcher             : Spawn rate updated to 9.5 veh/s
2026-03-29T20:48:06.253+02:00  INFO 582251 --- [traffic-simulator] [       Thread-2] c.t.engine.CommandDispatcher             : Spawn rate updated to 9.51 veh/s
2026-03-29T20:48:06.253+02:00  INFO 582251 --- [traffic-simulator] [       Thread-2] c.t.engine.CommandDispatcher             : Spawn rate updated to 9.52 veh/s
2026-03-29T20:48:06.253+02:00  INFO 582251 --- [traffic-simulator] [       Thread-2] c.t.engine.CommandDispatcher             : Spawn rate updated to 9.53 veh/s
2026-03-29T20:48:06.253+02:00  INFO 582251 --- [traffic-simulator] [       Thread-2] c.t.engine.CommandDispatcher             : Spawn rate updated to 9.11 veh/s
2026-03-29T20:48:06.253+02:00  INFO 582251 --- [traffic-simulator] [       Thread-2] c.t.engine.CommandDispatcher             : Spawn rate updated to 9.55 veh/s
2026-03-29T20:48:06.253+02:00  INFO 582251 --- [traffic-simulator] [       Thread-2] c.t.engine.CommandDispatcher             : Spawn rate updated to 9.56 veh/s
2026-03-29T20:48:06.253+02:00  INFO 582251 --- [traffic-simulator] [       Thread-2] c.t.engine.CommandDispatcher             : Spawn rate updated to 9.57 veh/s
2026-03-29T20:48:06.253+02:00  INFO 582251 --- [traffic-simulator] [       Thread-2] c.t.engine.CommandDispatcher             : Spawn rate updated to 9.58 veh/s
2026-03-29T20:48:06.253+02:00  INFO 582251 --- [traffic-simulator] [       Thread-2] c.t.engine.CommandDispatcher             : Spawn rate updated to 9.290000000000001 veh/s
2026-03-29T20:48:06.253+02:00  INFO 582251 --- [traffic-simulator] [       Thread-2] c.t.engine.CommandDispatcher             : Spawn rate updated to 9.59 veh/s
2026-03-29T20:48:06.253+02:00  INFO 582251 --- [traffic-simulator] [       Thread-2] c.t.engine.CommandDispatcher             : Spawn rate updated to 9.6 veh/s
2026-03-29T20:48:06.253+02:00  INFO 582251 --- [traffic-simulator] [       Thread-2] c.t.engine.CommandDispatcher             : Spawn rate updated to 9.61 veh/s
2026-03-29T20:48:06.253+02:00  INFO 582251 --- [traffic-simulator] [       Thread-2] c.t.engine.CommandDispatcher             : Spawn rate updated to 9.620000000000001 veh/s
2026-03-29T20:48:06.253+02:00  INFO 582251 --- [traffic-simulator] [       Thread-2] c.t.engine.CommandDispatcher             : Spawn rate updated to 9.63 veh/s
2026-03-29T20:48:06.253+02:00  INFO 582251 --- [traffic-simulator] [       Thread-2] c.t.engine.CommandDispatcher             : Spawn rate updated to 9.28 veh/s
2026-03-29T20:48:06.253+02:00  INFO 582251 --- [traffic-simulator] [       Thread-2] c.t.engine.CommandDispatcher             : Spawn rate updated to 9.64 veh/s
2026-03-29T20:48:06.253+02:00  INFO 582251 --- [traffic-simulator] [       Thread-2] c.t.engine.CommandDispatcher             : Spawn rate updated to 9.66 veh/s
2026-03-29T20:48:06.253+02:00  INFO 582251 --- [traffic-simulator] [       Thread-2] c.t.engine.CommandDispatcher             : Spawn rate updated to 9.68 veh/s
2026-03-29T20:48:06.253+02:00  INFO 582251 --- [traffic-simulator] [       Thread-2] c.t.engine.CommandDispatcher             : Spawn rate updated to 9.4 veh/s
2026-03-29T20:48:06.253+02:00  INFO 582251 --- [traffic-simulator] [       Thread-2] c.t.engine.CommandDispatcher             : Spawn rate updated to 9.67 veh/s
2026-03-29T20:48:06.253+02:00  INFO 582251 --- [traffic-simulator] [       Thread-2] c.t.engine.CommandDispatcher             : Spawn rate updated to 9.69 veh/s
2026-03-29T20:48:06.253+02:00  INFO 582251 --- [traffic-simulator] [       Thread-2] c.t.engine.CommandDispatcher             : Spawn rate updated to 9.700000000000001 veh/s
2026-03-29T20:48:06.253+02:00  INFO 582251 --- [traffic-simulator] [       Thread-2] c.t.engine.CommandDispatcher             : Spawn rate updated to 9.72 veh/s
2026-03-29T20:48:06.253+02:00  INFO 582251 --- [traffic-simulator] [       Thread-2] c.t.engine.CommandDispatcher             : Spawn rate updated to 9.71 veh/s
2026-03-29T20:48:06.253+02:00  INFO 582251 --- [traffic-simulator] [       Thread-2] c.t.engine.CommandDispatcher             : Spawn rate updated to 9.73 veh/s
2026-03-29T20:48:06.253+02:00  INFO 582251 --- [traffic-simulator] [       Thread-2] c.t.engine.CommandDispatcher             : Spawn rate updated to 9.74 veh/s
2026-03-29T20:48:06.253+02:00  INFO 582251 --- [traffic-simulator] [       Thread-2] c.t.engine.CommandDispatcher             : Spawn rate updated to 9.42 veh/s
2026-03-29T20:48:06.253+02:00  INFO 582251 --- [traffic-simulator] [       Thread-2] c.t.engine.CommandDispatcher             : Spawn rate updated to 9.75 veh/s
2026-03-29T20:48:06.253+02:00  INFO 582251 --- [traffic-simulator] [       Thread-2] c.t.engine.CommandDispatcher             : Spawn rate updated to 9.76 veh/s
2026-03-29T20:48:06.253+02:00  INFO 582251 --- [traffic-simulator] [       Thread-2] c.t.engine.CommandDispatcher             : Spawn rate updated to 9.77 veh/s
2026-03-29T20:48:06.253+02:00  INFO 582251 --- [traffic-simulator] [       Thread-2] c.t.engine.CommandDispatcher             : Spawn rate updated to 9.78 veh/s
2026-03-29T20:48:06.253+02:00  INFO 582251 --- [traffic-simulator] [       Thread-2] c.t.engine.CommandDispatcher             : Spawn rate updated to 9.48 veh/s
2026-03-29T20:48:06.253+02:00  INFO 582251 --- [traffic-simulator] [       Thread-2] c.t.engine.CommandDispatcher             : Spawn rate updated to 9.790000000000001 veh/s
2026-03-29T20:48:06.253+02:00  INFO 582251 --- [traffic-simulator] [       Thread-2] c.t.engine.CommandDispatcher             : Spawn rate updated to 9.8 veh/s
2026-03-29T20:48:06.253+02:00  INFO 582251 --- [traffic-simulator] [       Thread-2] c.t.engine.CommandDispatcher             : Spawn rate updated to 9.81 veh/s
2026-03-29T20:48:06.253+02:00  INFO 582251 --- [traffic-simulator] [       Thread-2] c.t.engine.CommandDispatcher             : Spawn rate updated to 9.82 veh/s
2026-03-29T20:48:06.253+02:00  INFO 582251 --- [traffic-simulator] [       Thread-2] c.t.engine.CommandDispatcher             : Spawn rate updated to 9.83 veh/s
2026-03-29T20:48:06.253+02:00  INFO 582251 --- [traffic-simulator] [       Thread-2] c.t.engine.CommandDispatcher             : Spawn rate updated to 9.540000000000001 veh/s
2026-03-29T20:48:06.253+02:00  INFO 582251 --- [traffic-simulator] [       Thread-2] c.t.engine.CommandDispatcher             : Spawn rate updated to 9.84 veh/s
2026-03-29T20:48:06.253+02:00  INFO 582251 --- [traffic-simulator] [       Thread-2] c.t.engine.CommandDispatcher             : Spawn rate updated to 9.85 veh/s
2026-03-29T20:48:06.253+02:00  INFO 582251 --- [traffic-simulator] [       Thread-2] c.t.engine.CommandDispatcher             : Spawn rate updated to 9.870000000000001 veh/s
2026-03-29T20:48:06.253+02:00  INFO 582251 --- [traffic-simulator] [       Thread-2] c.t.engine.CommandDispatcher             : Spawn rate updated to 9.86 veh/s
2026-03-29T20:48:06.253+02:00  INFO 582251 --- [traffic-simulator] [       Thread-2] c.t.engine.CommandDispatcher             : Spawn rate updated to 9.88 veh/s
2026-03-29T20:48:06.253+02:00  INFO 582251 --- [traffic-simulator] [       Thread-2] c.t.engine.CommandDispatcher             : Spawn rate updated to 9.89 veh/s
2026-03-29T20:48:06.253+02:00  INFO 582251 --- [traffic-simulator] [       Thread-2] c.t.engine.CommandDispatcher             : Spawn rate updated to 9.65 veh/s
2026-03-29T20:48:06.253+02:00  INFO 582251 --- [traffic-simulator] [       Thread-2] c.t.engine.CommandDispatcher             : Spawn rate updated to 9.9 veh/s
2026-03-29T20:48:06.253+02:00  INFO 582251 --- [traffic-simulator] [       Thread-2] c.t.engine.CommandDispatcher             : Spawn rate updated to 9.91 veh/s
2026-03-29T20:48:06.253+02:00  INFO 582251 --- [traffic-simulator] [       Thread-2] c.t.engine.CommandDispatcher             : Spawn rate updated to 9.92 veh/s
2026-03-29T20:48:06.253+02:00  INFO 582251 --- [traffic-simulator] [       Thread-2] c.t.engine.CommandDispatcher             : Spawn rate updated to 9.93 veh/s
2026-03-29T20:48:06.253+02:00  INFO 582251 --- [traffic-simulator] [       Thread-2] c.t.engine.CommandDispatcher             : Spawn rate updated to 9.94 veh/s
2026-03-29T20:48:06.253+02:00  INFO 582251 --- [traffic-simulator] [       Thread-2] c.t.engine.CommandDispatcher             : Spawn rate updated to 9.950000000000001 veh/s
2026-03-29T20:48:06.253+02:00  INFO 582251 --- [traffic-simulator] [       Thread-2] c.t.engine.CommandDispatcher             : Spawn rate updated to 9.96 veh/s
2026-03-29T20:48:06.253+02:00  INFO 582251 --- [traffic-simulator] [       Thread-2] c.t.engine.CommandDispatcher             : Spawn rate updated to 9.97 veh/s
2026-03-29T20:48:06.253+02:00  INFO 582251 --- [traffic-simulator] [       Thread-2] c.t.engine.CommandDispatcher             : Spawn rate updated to 9.99 veh/s
2026-03-29T20:48:06.253+02:00  INFO 582251 --- [traffic-simulator] [       Thread-2] c.t.engine.CommandDispatcher             : Spawn rate updated to 9.98 veh/s
2026-03-29T20:48:06.297+02:00  INFO 582251 --- [traffic-simulator] [MessageBroker-3] c.t.scheduler.TickEmitter                : Tick #0 — status=STOPPED, vehicles=0
2026-03-29T20:48:06.350+02:00  INFO 582251 --- [traffic-simulator] [MessageBroker-4] c.t.scheduler.TickEmitter                : Tick #0 — status=STOPPED, vehicles=0
]]></system-out>
  </testcase>
  <testcase name="drainCommands_appliesStartCommand_changesStatus" classname="com.trafficsimulator.engine.CommandQueueTest" time="0.002">
    <system-out><![CDATA[2026-03-29T20:48:06.364+02:00  INFO 582251 --- [traffic-simulator] [           main] c.t.engine.CommandDispatcher             : Simulation started
]]></system-out>
  </testcase>
  <testcase name="drainCommands_appliesPauseAfterStart" classname="com.trafficsimulator.engine.CommandQueueTest" time="0.001">
    <system-out><![CDATA[2026-03-29T20:48:06.366+02:00  INFO 582251 --- [traffic-simulator] [           main] c.t.engine.CommandDispatcher             : Simulation started
2026-03-29T20:48:06.366+02:00  INFO 582251 --- [traffic-simulator] [           main] c.t.engine.CommandDispatcher             : Simulation paused
]]></system-out>
  </testcase>
</testsuite>