<?xml version="1.0" encoding="UTF-8"?>
<testsuite xmlns:xsi="http://www.w3.org/2001/XMLSchema-instance" xsi:noNamespaceSchemaLocation="https://maven.apache.org/surefire/maven-surefire-plugin/xsd/surefire-test-report-3.0.xsd" version="3.0" name="com.trafficsimulator.controller.SimulationControllerMapTest" time="0.538" tests="4" errors="0" skipped="0" failures="0">
  <properties>
[...]
</properties>
  <testcase name="postLoadMapUnknownMapIdStillAccepted" classname="com.trafficsimulator.controller.SimulationControllerMapTest" time="0.075">
    <system-out><![CDATA[2026-03-29T20:48:06.547+02:00  INFO 582251 --- [traffic-simulator] [essageBroker-11] c.t.scheduler.TickEmitter                : Tick #0 — status=STOPPED, vehicles=0
2026-03-29T20:48:06.549+02:00  INFO 582251 --- [traffic-simulator] [           main] t.c.s.AnnotationConfigContextLoaderUtils : Could not detect default configuration classes for test class [com.trafficsimulator.controller.SimulationControllerMapTest]: SimulationControllerMapTest does not declare any static, non-private, non-final, nested classes annotated with @Configuration.
2026-03-29T20:48:06.580+02:00  INFO 582251 --- [traffic-simulator] [           main] .b.t.c.SpringBootTestContextBootstrapper : Found @SpringBootConfiguration com.trafficsimulator.TrafficSimulatorApplication for test class com.trafficsimulator.controller.SimulationControllerMapTest
2026-03-29T20:48:06.597+02:00  INFO 582251 --- [traffic-simulator] [MessageBroker-9] c.t.scheduler.TickEmitter                : Tick #0 — status=STOPPED, vehicles=0

  .   ____          _            __ _ _
 /\\ / ___'_ __ _ _(_)_ __  __ _ \ \ \ \
( ( )\___ | '_ | '_| | '_ \/ _` | \ \ \ \
 \\/  ___)| |_)| | | | | || (_| |  ) ) ) )
  '  |____| .__|_| |_|_| |_\__, | / / / /
 =========|_|==============|___/=/_/_/_/

 :: Spring Boot ::                (v3.3.5)

2026-03-29T20:48:06.631+02:00  INFO 582251 --- [traffic-simulator] [           main] c.t.c.SimulationControllerMapTest        : Starting SimulationControllerMapTest using Java 17.0.18 with PID 582251 (started by sebastian in /home/sebastian/traffic-simulator/backend)
2026-03-29T20:48:06.632+02:00  INFO 582251 --- [traffic-simulator] [           main] c.t.c.SimulationControllerMapTest        : No active profile set, falling back to 1 default profile: "default"
2026-03-29T20:48:06.647+02:00  INFO 582251 --- [traffic-simulator] [MessageBroker-9] c.t.scheduler.TickEmitter                : Tick #0 — status=STOPPED, vehicles=0
2026-03-29T20:48:06.697+02:00  INFO 582251 --- [traffic-simulator] [MessageBroker-9] c.t.scheduler.TickEmitter                : Tick #0 — status=STOPPED, vehicles=0
2026-03-29T20:48:06.747+02:00  INFO 582251 --- [traffic-simulator] [MessageBroker-9] c.t.scheduler.TickEmitter                : Tick #0 — status=STOPPED, vehicles=0
2026-03-29T20:48:06.797+02:00  INFO 582251 --- [traffic-simulator] [MessageBroker-8] c.t.scheduler.TickEmitter                : Tick #0 — status=STOPPED, vehicles=0
2026-03-29T20:48:06.847+02:00  INFO 582251 --- [traffic-simulator] [MessageBroker-8] c.t.scheduler.TickEmitter                : Tick #0 — status=STOPPED, vehicles=0
2026-03-29T20:48:06.850+02:00  INFO 582251 --- [traffic-simulator] [           main] com.trafficsimulator.config.MapLoader    : Loaded map config: straight-road (Straight Road — 3 lanes, 800m)
2026-03-29T20:48:06.850+02:00  INFO 582251 --- [traffic-simulator] [           main] c.trafficsimulator.config.MapValidator   : Map config 'straight-road' validation passed
2026-03-29T20:48:06.851+02:00  INFO 582251 --- [traffic-simulator] [           main] com.trafficsimulator.config.MapLoader    : Built road network 'straight-road': 1 roads, 3 lanes total, 3 spawn points
2026-03-29T20:48:06.851+02:00  INFO 582251 --- [traffic-simulator] [           main] c.t.engine.SimulationEngine              : Default map loaded: straight-road
2026-03-29T20:48:06.865+02:00 DEBUG 582251 --- [traffic-simulator] [           main] o.s.w.s.s.s.WebSocketHandlerMapping      : Patterns [/ws/**] in 'stompWebSocketHandlerMapping'
2026-03-29T20:48:06.883+02:00 DEBUG 582251 --- [traffic-simulator] [           main] .WebSocketAnnotationMethodMessageHandler : 
	c.t.c.CommandHandler:
	{[MESSAGE],[/command]}: handleCommand(CommandDto)
2026-03-29T20:48:06.884+02:00 DEBUG 582251 --- [traffic-simulator] [           main] .WebSocketAnnotationMethodMessageHandler : 
	c.t.c.SimulationController:
	
2026-03-29T20:48:06.885+02:00 DEBUG 582251 --- [traffic-simulator] [           main] .WebSocketAnnotationMethodMessageHandler : 
	o.s.b.a.w.s.e.BasicErrorController:
	
2026-03-29T20:48:06.897+02:00  INFO 582251 --- [traffic-simulator] [MessageBroker-8] c.t.scheduler.TickEmitter                : Tick #0 — status=STOPPED, vehicles=0
2026-03-29T20:48:06.947+02:00  INFO 582251 --- [traffic-simulator] [MessageBroker-8] c.t.scheduler.TickEmitter                : Tick #0 — status=STOPPED, vehicles=0
2026-03-29T20:48:06.964+02:00  INFO 582251 --- [traffic-simulator] [           main] o.s.b.t.m.w.SpringBootMockServletContext : Initializing Spring TestDispatcherServlet ''
2026-03-29T20:48:06.964+02:00  INFO 582251 --- [traffic-simulator] [           main] o.s.t.web.servlet.TestDispatcherServlet  : Initializing Servlet ''
2026-03-29T20:48:06.965+02:00  INFO 582251 --- [traffic-simulator] [           main] o.s.t.web.servlet.TestDispatcherServlet  : Completed initialization in 0 ms
2026-03-29T20:48:06.969+02:00  INFO 582251 --- [traffic-simulator] [           main] o.s.m.s.b.SimpleBrokerMessageHandler     : Starting...
2026-03-29T20:48:06.969+02:00  INFO 582251 --- [traffic-simulator] [           main] o.s.m.s.b.SimpleBrokerMessageHandler     : BrokerAvailabilityEvent[available=true, SimpleBrokerMessageHandler [org.springframework.messaging.simp.broker.DefaultSubscriptionRegistry@38923cfe]]
2026-03-29T20:48:06.969+02:00  INFO 582251 --- [traffic-simulator] [           main] o.s.m.s.b.SimpleBrokerMessageHandler     : Started.
2026-03-29T20:48:06.976+02:00  INFO 582251 --- [traffic-simulator] [           main] c.t.c.SimulationControllerMapTest        : Started SimulationControllerMapTest in 0.391 seconds (process running for 2.827)
2026-03-29T20:48:06.979+02:00  INFO 582251 --- [traffic-simulator] [MessageBroker-1] c.t.scheduler.TickEmitter                : Tick #0 — status=STOPPED, vehicles=0
2026-03-29T20:48:06.997+02:00  INFO 582251 --- [traffic-simulator] [MessageBroker-8] c.t.scheduler.TickEmitter                : Tick #0 — status=STOPPED, vehicles=0
2026-03-29T20:48:07.026+02:00  INFO 582251 --- [traffic-simulator] [MessageBroker-2] c.t.engine.ObstacleManager               : All obstacles cleared
2026-03-29T20:48:07.026+02:00 ERROR 582251 --- [traffic-simulator] [MessageBroker-2] c.t.engine.CommandDispatcher             : Failed to load map nonexistent: Map resource not found: maps/nonexistent.json
2026-03-29T20:48:07.027+02:00  INFO 582251 --- [traffic-simulator] [MessageBroker-2] c.t.scheduler.TickEmitter                : Tick #0 — status=STOPPED, vehicles=0
2026-03-29T20:48:07.047+02:00  INFO 582251 --- [traffic-simulator] [MessageBroker-8] c.t.scheduler.TickEmitter                : Tick #0 — status=STOPPED, vehicles=0
]]></system-out>
  </testcase>
  <testcase name="listMapsReturnsMapInfoDtos" classname="com.trafficsimulator.controller.SimulationControllerMapTest" time="0.012"/>
  <testcase name="listMapsIncludesDescription" classname="com.trafficsimulator.controller.SimulationControllerMapTest" time="0.009"/>
  <testcase name="postLoadMapCommandAccepted" classname="com.trafficsimulator.controller.SimulationControllerMapTest" time="0.003">
    <system-out><![CDATA[2026-03-29T20:48:07.076+02:00  INFO 582251 --- [traffic-simulator] [MessageBroker-3] c.t.scheduler.TickEmitter                : Tick #0 — status=STOPPED, vehicles=0
]]></system-out>
  </testcase>
</testsuite>