<?xml version="1.0" encoding="UTF-8"?>
<testsuite xmlns:xsi="http://www.w3.org/2001/XMLSchema-instance" xsi:noNamespaceSchemaLocation="https://maven.apache.org/surefire/maven-surefire-plugin/xsd/surefire-test-report-3.0.xsd" version="3.0" name="com.trafficsimulator.engine.CommandDispatcherLoadMapTest" time="1.354" tests="5" errors="0" skipped="0" failures="0">
  <properties>
[...]
</properties>
  <testcase name="loadMapClearsObstacles" classname="com.trafficsimulator.engine.CommandDispatcherLoadMapTest" time="0.422">
    <system-out><![CDATA[20:48:04.844 [main] INFO org.springframework.test.context.support.AnnotationConfigContextLoaderUtils -- Could not detect default configuration classes for test class [com.trafficsimulator.engine.CommandDispatcherLoadMapTest]: CommandDispatcherLoadMapTest does not declare any static, non-private, non-final, nested classes annotated with @Configuration.
20:48:04.895 [main] INFO org.springframework.boot.test.context.SpringBootTestContextBootstrapper -- Found @SpringBootConfiguration com.trafficsimulator.TrafficSimulatorApplication for test class com.trafficsimulator.engine.CommandDispatcherLoadMapTest

  .   ____          _            __ _ _
 /\\ / ___'_ __ _ _(_)_ __  __ _ \ \ \ \
( ( )\___ | '_ | '_| | '_ \/ _` | \ \ \ \
 \\/  ___)| |_)| | | | | || (_| |  ) ) ) )
  '  |____| .__|_| |_|_| |_\__, | / / / /
 =========|_|==============|___/=/_/_/_/

 :: Spring Boot ::                (v3.3.5)

2026-03-29T20:48:05.065+02:00  INFO 582251 --- [traffic-simulator] [           main] c.t.engine.CommandDispatcherLoadMapTest  : Starting CommandDispatcherLoadMapTest using Java 17.0.18 with PID 582251 (started by sebastian in /home/sebastian/traffic-simulator/backend)
2026-03-29T20:48:05.066+02:00  INFO 582251 --- [traffic-simulator] [           main] c.t.engine.CommandDispatcherLoadMapTest  : No active profile set, falling back to 1 default profile: "default"
2026-03-29T20:48:05.464+02:00  INFO 582251 --- [traffic-simulator] [           main] com.trafficsimulator.config.MapLoader    : Loaded map config: straight-road (Straight Road — 3 lanes, 800m)
2026-03-29T20:48:05.464+02:00  INFO 582251 --- [traffic-simulator] [           main] c.trafficsimulator.config.MapValidator   : Map config 'straight-road' validation passed
2026-03-29T20:48:05.464+02:00  INFO 582251 --- [traffic-simulator] [           main] com.trafficsimulator.config.MapLoader    : Built road network 'straight-road': 1 roads, 3 lanes total, 3 spawn points
2026-03-29T20:48:05.464+02:00  INFO 582251 --- [traffic-simulator] [           main] c.t.engine.SimulationEngine              : Default map loaded: straight-road
2026-03-29T20:48:05.515+02:00 DEBUG 582251 --- [traffic-simulator] [           main] o.s.w.s.s.s.WebSocketHandlerMapping      : Patterns [/ws/**] in 'stompWebSocketHandlerMapping'
2026-03-29T20:48:05.538+02:00 DEBUG 582251 --- [traffic-simulator] [           main] .WebSocketAnnotationMethodMessageHandler : 
	c.t.c.CommandHandler:
	{[MESSAGE],[/command]}: handleCommand(CommandDto)
2026-03-29T20:48:05.540+02:00 DEBUG 582251 --- [traffic-simulator] [           main] .WebSocketAnnotationMethodMessageHandler : 
	c.t.c.SimulationController:
	
2026-03-29T20:48:05.543+02:00 DEBUG 582251 --- [traffic-simulator] [           main] .WebSocketAnnotationMethodMessageHandler : 
	o.s.b.a.w.s.e.BasicErrorController:
	
2026-03-29T20:48:05.691+02:00  INFO 582251 --- [traffic-simulator] [           main] o.s.m.s.b.SimpleBrokerMessageHandler     : Starting...
2026-03-29T20:48:05.692+02:00  INFO 582251 --- [traffic-simulator] [           main] o.s.m.s.b.SimpleBrokerMessageHandler     : BrokerAvailabilityEvent[available=true, SimpleBrokerMessageHandler [org.springframework.messaging.simp.broker.DefaultSubscriptionRegistry@7c588adc]]
2026-03-29T20:48:05.693+02:00  INFO 582251 --- [traffic-simulator] [           main] o.s.m.s.b.SimpleBrokerMessageHandler     : Started.
2026-03-29T20:48:05.698+02:00  INFO 582251 --- [traffic-simulator] [           main] c.t.engine.CommandDispatcherLoadMapTest  : Started CommandDispatcherLoadMapTest in 0.744 seconds (process running for 1.55)
2026-03-29T20:48:05.723+02:00  INFO 582251 --- [traffic-simulator] [MessageBroker-1] c.t.scheduler.TickEmitter                : Tick #0 — status=STOPPED, vehicles=0
2026-03-29T20:48:05.747+02:00  INFO 582251 --- [traffic-simulator] [MessageBroker-2] c.t.scheduler.TickEmitter                : Tick #0 — status=STOPPED, vehicles=0
2026-03-29T20:48:05.797+02:00  INFO 582251 --- [traffic-simulator] [MessageBroker-3] c.t.scheduler.TickEmitter                : Tick #0 — status=STOPPED, vehicles=0
2026-03-29T20:48:05.847+02:00  INFO 582251 --- [traffic-simulator] [MessageBroker-2] c.t.scheduler.TickEmitter                : Tick #0 — status=STOPPED, vehicles=0
2026-03-29T20:48:05.897+02:00  INFO 582251 --- [traffic-simulator] [MessageBroker-1] c.t.scheduler.TickEmitter                : Tick #0 — status=STOPPED, vehicles=0
2026-03-29T20:48:05.947+02:00  INFO 582251 --- [traffic-simulator] [MessageBroker-5] c.t.scheduler.TickEmitter                : Tick #0 — status=STOPPED, vehicles=0
2026-03-29T20:48:05.997+02:00  INFO 582251 --- [traffic-simulator] [MessageBroker-2] c.t.scheduler.TickEmitter                : Tick #0 — status=STOPPED, vehicles=0
2026-03-29T20:48:06.047+02:00  INFO 582251 --- [traffic-simulator] [MessageBroker-3] c.t.scheduler.TickEmitter                : Tick #0 — status=STOPPED, vehicles=0
2026-03-29T20:48:06.097+02:00  INFO 582251 --- [traffic-simulator] [MessageBroker-7] c.t.scheduler.TickEmitter                : Tick #0 — status=STOPPED, vehicles=0
2026-03-29T20:48:06.130+02:00  INFO 582251 --- [traffic-simulator] [           main] c.t.engine.ObstacleManager               : All obstacles cleared
2026-03-29T20:48:06.131+02:00  INFO 582251 --- [traffic-simulator] [           main] com.trafficsimulator.config.MapLoader    : Loaded map config: straight-road (Straight Road — 3 lanes, 800m)
2026-03-29T20:48:06.131+02:00  INFO 582251 --- [traffic-simulator] [           main] c.trafficsimulator.config.MapValidator   : Map config 'straight-road' validation passed
2026-03-29T20:48:06.131+02:00  INFO 582251 --- [traffic-simulator] [           main] com.trafficsimulator.config.MapLoader    : Built road network 'straight-road': 1 roads, 3 lanes total, 3 spawn points
2026-03-29T20:48:06.131+02:00  INFO 582251 --- [traffic-simulator] [           main] c.t.engine.CommandDispatcher             : Map loaded: straight-road (spawn rate: 1.0 veh/s)
2026-03-29T20:48:06.131+02:00  INFO 582251 --- [traffic-simulator] [           main] c.t.engine.ObstacleManager               : Obstacle added: id=bb300b37-22e8-4bef-ac6c-87cd96a4b84d lane=r1-lane0 position=400.0m
2026-03-29T20:48:06.131+02:00  INFO 582251 --- [traffic-simulator] [           main] c.t.engine.ObstacleManager               : All obstacles cleared
2026-03-29T20:48:06.132+02:00  INFO 582251 --- [traffic-simulator] [           main] com.trafficsimulator.config.MapLoader    : Loaded map config: phantom-jam-corridor (Phantom Jam Corridor)
2026-03-29T20:48:06.132+02:00  INFO 582251 --- [traffic-simulator] [           main] c.trafficsimulator.config.MapValidator   : Map config 'phantom-jam-corridor' validation passed
2026-03-29T20:48:06.132+02:00  INFO 582251 --- [traffic-simulator] [           main] com.trafficsimulator.config.MapLoader    : Built road network 'phantom-jam-corridor': 1 roads, 2 lanes total, 2 spawn points
2026-03-29T20:48:06.132+02:00  INFO 582251 --- [traffic-simulator] [           main] c.t.engine.CommandDispatcher             : Map loaded: phantom-jam-corridor (spawn rate: 3.0 veh/s)
]]></system-out>
  </testcase>
  <testcase name="loadMapSetsErrorOnFailure" classname="com.trafficsimulator.engine.CommandDispatcherLoadMapTest" time="0.003">
    <system-out><![CDATA[2026-03-29T20:48:06.136+02:00  INFO 582251 --- [traffic-simulator] [           main] c.t.engine.ObstacleManager               : All obstacles cleared
2026-03-29T20:48:06.137+02:00  INFO 582251 --- [traffic-simulator] [           main] com.trafficsimulator.config.MapLoader    : Loaded map config: straight-road (Straight Road — 3 lanes, 800m)
2026-03-29T20:48:06.137+02:00  INFO 582251 --- [traffic-simulator] [           main] c.trafficsimulator.config.MapValidator   : Map config 'straight-road' validation passed
2026-03-29T20:48:06.137+02:00  INFO 582251 --- [traffic-simulator] [           main] com.trafficsimulator.config.MapLoader    : Built road network 'straight-road': 1 roads, 3 lanes total, 3 spawn points
2026-03-29T20:48:06.137+02:00  INFO 582251 --- [traffic-simulator] [           main] c.t.engine.CommandDispatcher             : Map loaded: straight-road (spawn rate: 1.0 veh/s)
2026-03-29T20:48:06.137+02:00  INFO 582251 --- [traffic-simulator] [           main] c.t.engine.ObstacleManager               : All obstacles cleared
2026-03-29T20:48:06.137+02:00 ERROR 582251 --- [traffic-simulator] [           main] c.t.engine.CommandDispatcher             : Failed to load map nonexistent-map: Map resource not found: maps/nonexistent-map.json
]]></system-out>
  </testcase>
  <testcase name="loadMapClearsErrorOnSuccess" classname="com.trafficsimulator.engine.CommandDispatcherLoadMapTest" time="0.002">
    <system-out><![CDATA[2026-03-29T20:48:06.140+02:00  INFO 582251 --- [traffic-simulator] [           main] c.t.engine.ObstacleManager               : All obstacles cleared
2026-03-29T20:48:06.140+02:00  INFO 582251 --- [traffic-simulator] [           main] com.trafficsimulator.config.MapLoader    : Loaded map config: straight-road (Straight Road — 3 lanes, 800m)
2026-03-29T20:48:06.140+02:00  INFO 582251 --- [traffic-simulator] [           main] c.trafficsimulator.config.MapValidator   : Map config 'straight-road' validation passed
2026-03-29T20:48:06.140+02:00  INFO 582251 --- [traffic-simulator] [           main] com.trafficsimulator.config.MapLoader    : Built road network 'straight-road': 1 roads, 3 lanes total, 3 spawn points
2026-03-29T20:48:06.140+02:00  INFO 582251 --- [traffic-simulator] [           main] c.t.engine.CommandDispatcher             : Map loaded: straight-road (spawn rate: 1.0 veh/s)
]]></system-out>
  </testcase>
  <testcase name="loadMapAppliesDefaultSpawnRate" classname="com.trafficsimulator.engine.CommandDispatcherLoadMapTest" time="0.003">
    <system-out><![CDATA[2026-03-29T20:48:06.142+02:00  INFO 582251 --- [traffic-simulator] [           main] c.t.engine.ObstacleManager               : All obstacles cleared
2026-03-29T20:48:06.142+02:00  INFO 582251 --- [traffic-simulator] [           main] com.trafficsimulator.config.MapLoader    : Loaded map config: straight-road (Straight Road — 3 lanes, 800m)
2026-03-29T20:48:06.142+02:00  INFO 582251 --- [traffic-simulator] [           main] c.trafficsimulator.config.MapValidator   : Map config 'straight-road' validation passed
2026-03-29T20:48:06.142+02:00  INFO 582251 --- [traffic-simulator] [           main] com.trafficsimulator.config.MapLoader    : Built road network 'straight-road': 1 roads, 3 lanes total, 3 spawn points
2026-03-29T20:48:06.142+02:00  INFO 582251 --- [traffic-simulator] [           main] c.t.engine.CommandDispatcher             : Map loaded: straight-road (spawn rate: 1.0 veh/s)
2026-03-29T20:48:06.143+02:00  INFO 582251 --- [traffic-simulator] [           main] c.t.engine.ObstacleManager               : All obstacles cleared
2026-03-29T20:48:06.143+02:00  INFO 582251 --- [traffic-simulator] [           main] com.trafficsimulator.config.MapLoader    : Loaded map config: phantom-jam-corridor (Phantom Jam Corridor)
2026-03-29T20:48:06.143+02:00  INFO 582251 --- [traffic-simulator] [           main] c.trafficsimulator.config.MapValidator   : Map config 'phantom-jam-corridor' validation passed
2026-03-29T20:48:06.143+02:00  INFO 582251 --- [traffic-simulator] [           main] com.trafficsimulator.config.MapLoader    : Built road network 'phantom-jam-corridor': 1 roads, 2 lanes total, 2 spawn points
2026-03-29T20:48:06.143+02:00  INFO 582251 --- [traffic-simulator] [           main] c.t.engine.CommandDispatcher             : Map loaded: phantom-jam-corridor (spawn rate: 3.0 veh/s)
]]></system-out>
  </testcase>
  <testcase name="loadMapClearsVehiclesFromOldNetwork" classname="com.trafficsimulator.engine.CommandDispatcherLoadMapTest" time="0.005">
    <system-out><![CDATA[2026-03-29T20:48:06.145+02:00  INFO 582251 --- [traffic-simulator] [           main] c.t.engine.ObstacleManager               : All obstacles cleared
2026-03-29T20:48:06.145+02:00  INFO 582251 --- [traffic-simulator] [           main] com.trafficsimulator.config.MapLoader    : Loaded map config: straight-road (Straight Road — 3 lanes, 800m)
2026-03-29T20:48:06.146+02:00  INFO 582251 --- [traffic-simulator] [           main] c.trafficsimulator.config.MapValidator   : Map config 'straight-road' validation passed
2026-03-29T20:48:06.146+02:00  INFO 582251 --- [traffic-simulator] [           main] com.trafficsimulator.config.MapLoader    : Built road network 'straight-road': 1 roads, 3 lanes total, 3 spawn points
2026-03-29T20:48:06.146+02:00  INFO 582251 --- [traffic-simulator] [           main] c.t.engine.CommandDispatcher             : Map loaded: straight-road (spawn rate: 1.0 veh/s)
2026-03-29T20:48:06.146+02:00  INFO 582251 --- [traffic-simulator] [           main] c.t.engine.ObstacleManager               : All obstacles cleared
2026-03-29T20:48:06.147+02:00  INFO 582251 --- [traffic-simulator] [           main] com.trafficsimulator.config.MapLoader    : Loaded map config: four-way-signal (Four-Way Signalised Intersection)
2026-03-29T20:48:06.147+02:00  INFO 582251 --- [traffic-simulator] [           main] c.trafficsimulator.config.MapValidator   : Map config 'four-way-signal' validation passed
2026-03-29T20:48:06.147+02:00  INFO 582251 --- [traffic-simulator] [           main] com.trafficsimulator.config.MapLoader    : Built road network 'four-way-signal': 8 roads, 8 lanes total, 4 spawn points
2026-03-29T20:48:06.147+02:00  INFO 582251 --- [traffic-simulator] [           main] c.t.engine.CommandDispatcher             : Map loaded: four-way-signal (spawn rate: 0.5 veh/s)
2026-03-29T20:48:06.147+02:00  INFO 582251 --- [traffic-simulator] [MessageBroker-5] c.t.scheduler.TickEmitter                : Tick #0 — status=STOPPED, vehicles=0
]]></system-out>
  </testcase>
</testsuite>