<?xml version="1.0" encoding="UTF-8"?>
<testsuite xmlns:xsi="http://www.w3.org/2001/XMLSchema-instance" xsi:noNamespaceSchemaLocation="https://maven.apache.org/surefire/maven-surefire-plugin/xsd/surefire-test-report-3.0.xsd" version="3.0" name="com.trafficsimulator.engine.ConcurrencySafetyTest" time="0.024" tests="4" errors="0" skipped="0" failures="0">
  <properties>
[...]
</properties>
  <testcase name="concurrentCommandsDuringDrain_noException" classname="com.trafficsimulator.engine.ConcurrencySafetyTest" time="0.009">
    <system-out><![CDATA[2026-03-29T19:31:13.449+02:00  INFO 560274 --- [traffic-simulator] [           main] c.t.engine.CommandDispatcher             : Simulation started
2026-03-29T19:31:13.451+02:00  INFO 560274 --- [traffic-simulator] [pool-3-thread-1] c.t.engine.CommandDispatcher             : Spawn rate updated to 1.0 veh/s
2026-03-29T19:31:13.451+02:00  INFO 560274 --- [traffic-simulator] [pool-3-thread-6] c.t.engine.CommandDispatcher             : Speed multiplier updated to 1.0
2026-03-29T19:31:13.451+02:00  INFO 560274 --- [traffic-simulator] [pool-3-thread-6] c.t.engine.CommandDispatcher             : Max speed updated to 33.33 m/s (119.988 km/h)
2026-03-29T19:31:13.451+02:00  INFO 560274 --- [traffic-simulator] [pool-3-thread-6] c.t.engine.CommandDispatcher             : Spawn rate updated to 1.3 veh/s
2026-03-29T19:31:13.451+02:00  INFO 560274 --- [traffic-simulator] [pool-3-thread-6] c.t.engine.CommandDispatcher             : Speed multiplier updated to 1.0
2026-03-29T19:31:13.451+02:00  INFO 560274 --- [traffic-simulator] [pool-3-thread-6] c.t.engine.CommandDispatcher             : Max speed updated to 33.33 m/s (119.988 km/h)
2026-03-29T19:31:13.451+02:00  INFO 560274 --- [traffic-simulator] [pool-3-thread-3] c.t.engine.CommandDispatcher             : Max speed updated to 33.33 m/s (119.988 km/h)
2026-03-29T19:31:13.451+02:00  INFO 560274 --- [traffic-simulator] [pool-3-thread-3] c.t.engine.CommandDispatcher             : Speed multiplier updated to 1.0
2026-03-29T19:31:13.451+02:00  INFO 560274 --- [traffic-simulator] [pool-3-thread-3] c.t.engine.CommandDispatcher             : Spawn rate updated to 3.7 veh/s
2026-03-29T19:31:13.451+02:00  INFO 560274 --- [traffic-simulator] [pool-3-thread-3] c.t.engine.CommandDispatcher             : Max speed updated to 33.33 m/s (119.988 km/h)
2026-03-29T19:31:13.451+02:00  INFO 560274 --- [traffic-simulator] [pool-3-thread-3] c.t.engine.CommandDispatcher             : Spawn rate updated to 4.0 veh/s
2026-03-29T19:31:13.452+02:00  INFO 560274 --- [traffic-simulator] [pool-3-thread-2] c.t.engine.CommandDispatcher             : Spawn rate updated to 1.6 veh/s
2026-03-29T19:31:13.452+02:00  INFO 560274 --- [traffic-simulator] [pool-3-thread-2] c.t.engine.CommandDispatcher             : Speed multiplier updated to 1.0
2026-03-29T19:31:13.452+02:00  INFO 560274 --- [traffic-simulator] [pool-3-thread-2] c.t.engine.CommandDispatcher             : Max speed updated to 33.33 m/s (119.988 km/h)
2026-03-29T19:31:13.452+02:00  INFO 560274 --- [traffic-simulator] [pool-3-thread-2] c.t.engine.CommandDispatcher             : Speed multiplier updated to 1.0
2026-03-29T19:31:13.452+02:00  INFO 560274 --- [traffic-simulator] [pool-3-thread-4] c.t.engine.CommandDispatcher             : Max speed updated to 33.33 m/s (119.988 km/h)
2026-03-29T19:31:13.452+02:00  INFO 560274 --- [traffic-simulator] [pool-3-thread-4] c.t.engine.CommandDispatcher             : Spawn rate updated to 1.9 veh/s
2026-03-29T19:31:13.452+02:00  INFO 560274 --- [traffic-simulator] [pool-3-thread-4] c.t.engine.CommandDispatcher             : Spawn rate updated to 2.2 veh/s
2026-03-29T19:31:13.452+02:00  INFO 560274 --- [traffic-simulator] [pool-3-thread-4] c.t.engine.CommandDispatcher             : Speed multiplier updated to 1.0
2026-03-29T19:31:13.452+02:00  INFO 560274 --- [traffic-simulator] [pool-3-thread-4] c.t.engine.CommandDispatcher             : Max speed updated to 33.33 m/s (119.988 km/h)
2026-03-29T19:31:13.452+02:00  INFO 560274 --- [traffic-simulator] [pool-3-thread-4] c.t.engine.CommandDispatcher             : Spawn rate updated to 2.5 veh/s
2026-03-29T19:31:13.452+02:00  INFO 560274 --- [traffic-simulator] [pool-3-thread-1] c.t.engine.CommandDispatcher             : Speed multiplier updated to 1.0
2026-03-29T19:31:13.452+02:00  INFO 560274 --- [traffic-simulator] [pool-3-thread-1] c.t.engine.CommandDispatcher             : Max speed updated to 33.33 m/s (119.988 km/h)
2026-03-29T19:31:13.452+02:00  INFO 560274 --- [traffic-simulator] [pool-3-thread-1] c.t.engine.CommandDispatcher             : Spawn rate updated to 2.8 veh/s
2026-03-29T19:31:13.452+02:00  INFO 560274 --- [traffic-simulator] [pool-3-thread-1] c.t.engine.CommandDispatcher             : Speed multiplier updated to 1.0
2026-03-29T19:31:13.452+02:00  INFO 560274 --- [traffic-simulator] [pool-3-thread-1] c.t.engine.CommandDispatcher             : Max speed updated to 33.33 m/s (119.988 km/h)
2026-03-29T19:31:13.452+02:00  INFO 560274 --- [traffic-simulator] [pool-3-thread-1] c.t.engine.CommandDispatcher             : Spawn rate updated to 3.1 veh/s
2026-03-29T19:31:13.452+02:00  INFO 560274 --- [traffic-simulator] [ool-3-thread-10] c.t.engine.CommandDispatcher             : Speed multiplier updated to 1.0
2026-03-29T19:31:13.452+02:00  INFO 560274 --- [traffic-simulator] [ool-3-thread-10] c.t.engine.CommandDispatcher             : Spawn rate updated to 3.4000000000000004 veh/s
2026-03-29T19:31:13.453+02:00  INFO 560274 --- [traffic-simulator] [ool-3-thread-10] c.t.engine.CommandDispatcher             : Max speed updated to 33.33 m/s (119.988 km/h)
2026-03-29T19:31:13.453+02:00  INFO 560274 --- [traffic-simulator] [ool-3-thread-10] c.t.engine.CommandDispatcher             : Speed multiplier updated to 1.0
2026-03-29T19:31:13.453+02:00  INFO 560274 --- [traffic-simulator] [pool-3-thread-8] c.t.engine.CommandDispatcher             : Speed multiplier updated to 1.0
2026-03-29T19:31:13.453+02:00  INFO 560274 --- [traffic-simulator] [pool-3-thread-8] c.t.engine.CommandDispatcher             : Max speed updated to 33.33 m/s (119.988 km/h)
2026-03-29T19:31:13.453+02:00  INFO 560274 --- [traffic-simulator] [pool-3-thread-8] c.t.engine.CommandDispatcher             : Spawn rate updated to 4.300000000000001 veh/s
2026-03-29T19:31:13.453+02:00  INFO 560274 --- [traffic-simulator] [pool-3-thread-8] c.t.engine.CommandDispatcher             : Speed multiplier updated to 1.0
2026-03-29T19:31:13.453+02:00  INFO 560274 --- [traffic-simulator] [pool-3-thread-8] c.t.engine.CommandDispatcher             : Max speed updated to 33.33 m/s (119.988 km/h)
2026-03-29T19:31:13.453+02:00  INFO 560274 --- [traffic-simulator] [pool-3-thread-9] c.t.engine.CommandDispatcher             : Speed multiplier updated to 1.0
2026-03-29T19:31:13.453+02:00  INFO 560274 --- [traffic-simulator] [pool-3-thread-9] c.t.engine.CommandDispatcher             : Spawn rate updated to 4.6 veh/s
2026-03-29T19:31:13.453+02:00  INFO 560274 --- [traffic-simulator] [pool-3-thread-9] c.t.engine.CommandDispatcher             : Max speed updated to 33.33 m/s (119.988 km/h)
2026-03-29T19:31:13.453+02:00  INFO 560274 --- [traffic-simulator] [pool-3-thread-9] c.t.engine.CommandDispatcher             : Spawn rate updated to 4.9 veh/s
2026-03-29T19:31:13.453+02:00  INFO 560274 --- [traffic-simulator] [pool-3-thread-9] c.t.engine.CommandDispatcher             : Speed multiplier updated to 1.0
2026-03-29T19:31:13.453+02:00  INFO 560274 --- [traffic-simulator] [pool-3-thread-9] c.t.engine.CommandDispatcher             : Max speed updated to 33.33 m/s (119.988 km/h)
2026-03-29T19:31:13.453+02:00  INFO 560274 --- [traffic-simulator] [pool-3-thread-5] c.t.engine.CommandDispatcher             : Spawn rate updated to 5.2 veh/s
2026-03-29T19:31:13.454+02:00  INFO 560274 --- [traffic-simulator] [pool-3-thread-5] c.t.engine.CommandDispatcher             : Speed multiplier updated to 1.0
2026-03-29T19:31:13.454+02:00  INFO 560274 --- [traffic-simulator] [pool-3-thread-5] c.t.engine.CommandDispatcher             : Max speed updated to 33.33 m/s (119.988 km/h)
2026-03-29T19:31:13.454+02:00  INFO 560274 --- [traffic-simulator] [pool-3-thread-5] c.t.engine.CommandDispatcher             : Spawn rate updated to 5.5 veh/s
2026-03-29T19:31:13.454+02:00  INFO 560274 --- [traffic-simulator] [pool-3-thread-6] c.t.engine.CommandDispatcher             : Speed multiplier updated to 1.0
2026-03-29T19:31:13.454+02:00  INFO 560274 --- [traffic-simulator] [pool-3-thread-6] c.t.engine.CommandDispatcher             : Max speed updated to 33.33 m/s (119.988 km/h)
2026-03-29T19:31:13.454+02:00  INFO 560274 --- [traffic-simulator] [pool-3-thread-6] c.t.engine.CommandDispatcher             : Spawn rate updated to 5.800000000000001 veh/s
2026-03-29T19:31:13.454+02:00  INFO 560274 --- [traffic-simulator] [pool-3-thread-6] c.t.engine.CommandDispatcher             : Speed multiplier updated to 1.0
2026-03-29T19:31:13.454+02:00  INFO 560274 --- [traffic-simulator] [MessageBroker-5] c.t.scheduler.TickEmitter                : Tick #0 — status=STOPPED, vehicles=0
2026-03-29T19:31:13.454+02:00  INFO 560274 --- [traffic-simulator] [pool-3-thread-6] c.t.engine.CommandDispatcher             : Max speed updated to 33.33 m/s (119.988 km/h)
2026-03-29T19:31:13.454+02:00  INFO 560274 --- [traffic-simulator] [pool-3-thread-7] c.t.engine.CommandDispatcher             : Spawn rate updated to 6.1000000000000005 veh/s
2026-03-29T19:31:13.454+02:00  INFO 560274 --- [traffic-simulator] [pool-3-thread-7] c.t.engine.CommandDispatcher             : Speed multiplier updated to 1.0
2026-03-29T19:31:13.454+02:00  INFO 560274 --- [traffic-simulator] [pool-3-thread-7] c.t.engine.CommandDispatcher             : Max speed updated to 33.33 m/s (119.988 km/h)
2026-03-29T19:31:13.454+02:00  INFO 560274 --- [traffic-simulator] [pool-3-thread-7] c.t.engine.CommandDispatcher             : Spawn rate updated to 6.4 veh/s
2026-03-29T19:31:13.454+02:00  INFO 560274 --- [traffic-simulator] [pool-3-thread-7] c.t.engine.CommandDispatcher             : Speed multiplier updated to 1.0
2026-03-29T19:31:13.454+02:00  INFO 560274 --- [traffic-simulator] [pool-3-thread-3] c.t.engine.CommandDispatcher             : Max speed updated to 33.33 m/s (119.988 km/h)
2026-03-29T19:31:13.454+02:00  INFO 560274 --- [traffic-simulator] [pool-3-thread-3] c.t.engine.CommandDispatcher             : Spawn rate updated to 6.7 veh/s
2026-03-29T19:31:13.454+02:00  INFO 560274 --- [traffic-simulator] [pool-3-thread-3] c.t.engine.CommandDispatcher             : Speed multiplier updated to 1.0
2026-03-29T19:31:13.454+02:00  INFO 560274 --- [traffic-simulator] [pool-3-thread-3] c.t.engine.CommandDispatcher             : Max speed updated to 33.33 m/s (119.988 km/h)
2026-03-29T19:31:13.454+02:00  INFO 560274 --- [traffic-simulator] [pool-3-thread-3] c.t.engine.CommandDispatcher             : Spawn rate updated to 7.0 veh/s
2026-03-29T19:31:13.454+02:00  INFO 560274 --- [traffic-simulator] [pool-3-thread-2] c.t.engine.CommandDispatcher             : Speed multiplier updated to 1.0
2026-03-29T19:31:13.454+02:00  INFO 560274 --- [traffic-simulator] [pool-3-thread-2] c.t.engine.CommandDispatcher             : Max speed updated to 33.33 m/s (119.988 km/h)
2026-03-29T19:31:13.455+02:00  INFO 560274 --- [traffic-simulator] [pool-3-thread-2] c.t.engine.CommandDispatcher             : Spawn rate updated to 7.300000000000001 veh/s
2026-03-29T19:31:13.455+02:00  INFO 560274 --- [traffic-simulator] [pool-3-thread-2] c.t.engine.CommandDispatcher             : Speed multiplier updated to 1.0
2026-03-29T19:31:13.455+02:00  INFO 560274 --- [traffic-simulator] [pool-3-thread-2] c.t.engine.CommandDispatcher             : Max speed updated to 33.33 m/s (119.988 km/h)
2026-03-29T19:31:13.455+02:00  INFO 560274 --- [traffic-simulator] [pool-3-thread-4] c.t.engine.CommandDispatcher             : Spawn rate updated to 7.6000000000000005 veh/s
2026-03-29T19:31:13.455+02:00  INFO 560274 --- [traffic-simulator] [pool-3-thread-4] c.t.engine.CommandDispatcher             : Speed multiplier updated to 1.0
2026-03-29T19:31:13.455+02:00  INFO 560274 --- [traffic-simulator] [pool-3-thread-4] c.t.engine.CommandDispatcher             : Max speed updated to 33.33 m/s (119.988 km/h)
2026-03-29T19:31:13.455+02:00  INFO 560274 --- [traffic-simulator] [pool-3-thread-4] c.t.engine.CommandDispatcher             : Spawn rate updated to 7.9 veh/s
2026-03-29T19:31:13.455+02:00  INFO 560274 --- [traffic-simulator] [pool-3-thread-4] c.t.engine.CommandDispatcher             : Speed multiplier updated to 1.0
2026-03-29T19:31:13.455+02:00  INFO 560274 --- [traffic-simulator] [pool-3-thread-1] c.t.engine.CommandDispatcher             : Max speed updated to 33.33 m/s (119.988 km/h)
2026-03-29T19:31:13.455+02:00  INFO 560274 --- [traffic-simulator] [pool-3-thread-1] c.t.engine.CommandDispatcher             : Spawn rate updated to 8.2 veh/s
2026-03-29T19:31:13.455+02:00  INFO 560274 --- [traffic-simulator] [pool-3-thread-1] c.t.engine.CommandDispatcher             : Speed multiplier updated to 1.0
2026-03-29T19:31:13.455+02:00  INFO 560274 --- [traffic-simulator] [pool-3-thread-1] c.t.engine.CommandDispatcher             : Max speed updated to 33.33 m/s (119.988 km/h)
2026-03-29T19:31:13.455+02:00  INFO 560274 --- [traffic-simulator] [pool-3-thread-1] c.t.engine.CommandDispatcher             : Spawn rate updated to 8.5 veh/s
2026-03-29T19:31:13.455+02:00  INFO 560274 --- [traffic-simulator] [ool-3-thread-10] c.t.engine.CommandDispatcher             : Speed multiplier updated to 1.0
2026-03-29T19:31:13.455+02:00  INFO 560274 --- [traffic-simulator] [ool-3-thread-10] c.t.engine.CommandDispatcher             : Max speed updated to 33.33 m/s (119.988 km/h)
2026-03-29T19:31:13.455+02:00  INFO 560274 --- [traffic-simulator] [ool-3-thread-10] c.t.engine.CommandDispatcher             : Spawn rate updated to 8.8 veh/s
2026-03-29T19:31:13.455+02:00  INFO 560274 --- [traffic-simulator] [ool-3-thread-10] c.t.engine.CommandDispatcher             : Speed multiplier updated to 1.0
2026-03-29T19:31:13.455+02:00  INFO 560274 --- [traffic-simulator] [ool-3-thread-10] c.t.engine.CommandDispatcher             : Max speed updated to 33.33 m/s (119.988 km/h)
2026-03-29T19:31:13.455+02:00  INFO 560274 --- [traffic-simulator] [pool-3-thread-8] c.t.engine.CommandDispatcher             : Spawn rate updated to 9.1 veh/s
2026-03-29T19:31:13.455+02:00  INFO 560274 --- [traffic-simulator] [pool-3-thread-8] c.t.engine.CommandDispatcher             : Speed multiplier updated to 1.0
2026-03-29T19:31:13.456+02:00  INFO 560274 --- [traffic-simulator] [pool-3-thread-8] c.t.engine.CommandDispatcher             : Max speed updated to 33.33 m/s (119.988 km/h)
2026-03-29T19:31:13.456+02:00  INFO 560274 --- [traffic-simulator] [pool-3-thread-8] c.t.engine.CommandDispatcher             : Spawn rate updated to 9.4 veh/s
2026-03-29T19:31:13.456+02:00  INFO 560274 --- [traffic-simulator] [pool-3-thread-8] c.t.engine.CommandDispatcher             : Speed multiplier updated to 1.0
2026-03-29T19:31:13.456+02:00  INFO 560274 --- [traffic-simulator] [pool-3-thread-9] c.t.engine.CommandDispatcher             : Max speed updated to 33.33 m/s (119.988 km/h)
2026-03-29T19:31:13.456+02:00  INFO 560274 --- [traffic-simulator] [pool-3-thread-9] c.t.engine.CommandDispatcher             : Spawn rate updated to 9.700000000000001 veh/s
2026-03-29T19:31:13.456+02:00  INFO 560274 --- [traffic-simulator] [pool-3-thread-9] c.t.engine.CommandDispatcher             : Speed multiplier updated to 1.0
2026-03-29T19:31:13.456+02:00  INFO 560274 --- [traffic-simulator] [pool-3-thread-9] c.t.engine.CommandDispatcher             : Max speed updated to 33.33 m/s (119.988 km/h)
2026-03-29T19:31:13.456+02:00  INFO 560274 --- [traffic-simulator] [pool-3-thread-9] c.t.engine.CommandDispatcher             : Spawn rate updated to 10.0 veh/s
2026-03-29T19:31:13.456+02:00  INFO 560274 --- [traffic-simulator] [pool-3-thread-5] c.t.engine.CommandDispatcher             : Speed multiplier updated to 1.0
2026-03-29T19:31:13.456+02:00  INFO 560274 --- [traffic-simulator] [pool-3-thread-5] c.t.engine.CommandDispatcher             : Max speed updated to 33.33 m/s (119.988 km/h)
2026-03-29T19:31:13.456+02:00  INFO 560274 --- [traffic-simulator] [pool-3-thread-5] c.t.engine.CommandDispatcher             : Spawn rate updated to 10.3 veh/s
2026-03-29T19:31:13.456+02:00  INFO 560274 --- [traffic-simulator] [pool-3-thread-5] c.t.engine.CommandDispatcher             : Speed multiplier updated to 1.0
2026-03-29T19:31:13.456+02:00  INFO 560274 --- [traffic-simulator] [pool-3-thread-5] c.t.engine.CommandDispatcher             : Max speed updated to 33.33 m/s (119.988 km/h)
]]></system-out>
  </testcase>
  <testcase name="writeLockReentrancy_drainUnlockedInsideWriteLock" classname="com.trafficsimulator.engine.ConcurrencySafetyTest" time="0.001">
    <system-out><![CDATA[2026-03-29T19:31:13.458+02:00  INFO 560274 --- [traffic-simulator] [           main] c.t.engine.CommandDispatcher             : Simulation started
]]></system-out>
  </testcase>
  <testcase name="heavyConcurrentStress_mixedOperations" classname="com.trafficsimulator.engine.ConcurrencySafetyTest" time="0.01">
    <system-out><![CDATA[2026-03-29T19:31:13.459+02:00  INFO 560274 --- [traffic-simulator] [           main] c.t.engine.CommandDispatcher             : Simulation started
2026-03-29T19:31:13.463+02:00  INFO 560274 --- [traffic-simulator] [pool-4-thread-3] c.t.engine.CommandDispatcher             : Spawn rate updated to 0.0 veh/s
2026-03-29T19:31:13.464+02:00  INFO 560274 --- [traffic-simulator] [pool-4-thread-3] c.t.engine.CommandDispatcher             : Spawn rate updated to 0.02 veh/s
2026-03-29T19:31:13.464+02:00  INFO 560274 --- [traffic-simulator] [pool-4-thread-3] c.t.engine.CommandDispatcher             : Spawn rate updated to 0.2 veh/s
2026-03-29T19:31:13.464+02:00  INFO 560274 --- [traffic-simulator] [pool-4-thread-3] c.t.engine.CommandDispatcher             : Spawn rate updated to 0.22 veh/s
2026-03-29T19:31:13.464+02:00  INFO 560274 --- [traffic-simulator] [pool-4-thread-2] c.t.engine.CommandDispatcher             : Spawn rate updated to 0.04 veh/s
2026-03-29T19:31:13.464+02:00  INFO 560274 --- [traffic-simulator] [pool-4-thread-2] c.t.engine.CommandDispatcher             : Spawn rate updated to 0.24 veh/s
2026-03-29T19:31:13.464+02:00  INFO 560274 --- [traffic-simulator] [pool-4-thread-2] c.t.engine.CommandDispatcher             : Spawn rate updated to 0.06 veh/s
2026-03-29T19:31:13.464+02:00  INFO 560274 --- [traffic-simulator] [pool-4-thread-2] c.t.engine.CommandDispatcher             : Spawn rate updated to 0.26 veh/s
2026-03-29T19:31:13.464+02:00  INFO 560274 --- [traffic-simulator] [pool-4-thread-2] c.t.engine.CommandDispatcher             : Spawn rate updated to 0.08 veh/s
2026-03-29T19:31:13.464+02:00  INFO 560274 --- [traffic-simulator] [pool-4-thread-2] c.t.engine.CommandDispatcher             : Spawn rate updated to 0.28 veh/s
2026-03-29T19:31:13.464+02:00  INFO 560274 --- [traffic-simulator] [pool-4-thread-2] c.t.engine.CommandDispatcher             : Spawn rate updated to 0.1 veh/s
2026-03-29T19:31:13.464+02:00  INFO 560274 --- [traffic-simulator] [pool-4-thread-2] c.t.engine.CommandDispatcher             : Spawn rate updated to 0.3 veh/s
2026-03-29T19:31:13.464+02:00  INFO 560274 --- [traffic-simulator] [pool-4-thread-2] c.t.engine.CommandDispatcher             : Spawn rate updated to 0.12 veh/s
2026-03-29T19:31:13.464+02:00  INFO 560274 --- [traffic-simulator] [pool-4-thread-2] c.t.engine.CommandDispatcher             : Spawn rate updated to 0.32 veh/s
2026-03-29T19:31:13.464+02:00  INFO 560274 --- [traffic-simulator] [pool-4-thread-2] c.t.engine.CommandDispatcher             : Spawn rate updated to 0.14 veh/s
2026-03-29T19:31:13.464+02:00  INFO 560274 --- [traffic-simulator] [pool-4-thread-2] c.t.engine.CommandDispatcher             : Spawn rate updated to 0.16 veh/s
2026-03-29T19:31:13.464+02:00  INFO 560274 --- [traffic-simulator] [pool-4-thread-2] c.t.engine.CommandDispatcher             : Spawn rate updated to 0.34 veh/s
2026-03-29T19:31:13.464+02:00  INFO 560274 --- [traffic-simulator] [pool-4-thread-2] c.t.engine.CommandDispatcher             : Spawn rate updated to 0.36 veh/s
2026-03-29T19:31:13.464+02:00  INFO 560274 --- [traffic-simulator] [pool-4-thread-2] c.t.engine.CommandDispatcher             : Spawn rate updated to 0.18 veh/s
2026-03-29T19:31:13.464+02:00  INFO 560274 --- [traffic-simulator] [pool-4-thread-2] c.t.engine.CommandDispatcher             : Spawn rate updated to 0.38 veh/s
2026-03-29T19:31:13.465+02:00  INFO 560274 --- [traffic-simulator] [pool-4-thread-1] c.t.engine.CommandDispatcher             : Spawn rate updated to 0.4 veh/s
2026-03-29T19:31:13.465+02:00  INFO 560274 --- [traffic-simulator] [pool-4-thread-1] c.t.engine.CommandDispatcher             : Spawn rate updated to 0.42 veh/s
2026-03-29T19:31:13.465+02:00  INFO 560274 --- [traffic-simulator] [pool-4-thread-4] c.t.engine.CommandDispatcher             : Spawn rate updated to 0.44 veh/s
2026-03-29T19:31:13.465+02:00  INFO 560274 --- [traffic-simulator] [pool-4-thread-6] c.t.engine.CommandDispatcher             : Spawn rate updated to 0.46 veh/s
2026-03-29T19:31:13.465+02:00  INFO 560274 --- [traffic-simulator] [pool-4-thread-5] c.t.engine.CommandDispatcher             : Spawn rate updated to 0.48 veh/s
2026-03-29T19:31:13.465+02:00  INFO 560274 --- [traffic-simulator] [pool-4-thread-8] c.t.engine.CommandDispatcher             : Spawn rate updated to 0.5 veh/s
2026-03-29T19:31:13.465+02:00  INFO 560274 --- [traffic-simulator] [pool-4-thread-8] c.t.engine.CommandDispatcher             : Spawn rate updated to 0.52 veh/s
2026-03-29T19:31:13.465+02:00  INFO 560274 --- [traffic-simulator] [pool-4-thread-9] c.t.engine.CommandDispatcher             : Spawn rate updated to 0.54 veh/s
2026-03-29T19:31:13.465+02:00  INFO 560274 --- [traffic-simulator] [pool-4-thread-9] c.t.engine.CommandDispatcher             : Spawn rate updated to 0.56 veh/s
2026-03-29T19:31:13.465+02:00  INFO 560274 --- [traffic-simulator] [pool-4-thread-9] c.t.engine.CommandDispatcher             : Spawn rate updated to 0.58 veh/s
2026-03-29T19:31:13.465+02:00  INFO 560274 --- [traffic-simulator] [ool-4-thread-10] c.t.engine.CommandDispatcher             : Spawn rate updated to 0.6 veh/s
2026-03-29T19:31:13.465+02:00  INFO 560274 --- [traffic-simulator] [ool-4-thread-11] c.t.engine.CommandDispatcher             : Spawn rate updated to 0.62 veh/s
2026-03-29T19:31:13.466+02:00  INFO 560274 --- [traffic-simulator] [ool-4-thread-13] c.t.engine.CommandDispatcher             : Spawn rate updated to 0.64 veh/s
2026-03-29T19:31:13.466+02:00  INFO 560274 --- [traffic-simulator] [ool-4-thread-13] c.t.engine.CommandDispatcher             : Spawn rate updated to 0.66 veh/s
2026-03-29T19:31:13.466+02:00  INFO 560274 --- [traffic-simulator] [ool-4-thread-14] c.t.engine.CommandDispatcher             : Spawn rate updated to 0.68 veh/s
2026-03-29T19:31:13.466+02:00  INFO 560274 --- [traffic-simulator] [ool-4-thread-16] c.t.engine.CommandDispatcher             : Spawn rate updated to 0.7000000000000001 veh/s
2026-03-29T19:31:13.466+02:00  INFO 560274 --- [traffic-simulator] [ool-4-thread-17] c.t.engine.CommandDispatcher             : Spawn rate updated to 0.72 veh/s
2026-03-29T19:31:13.466+02:00  INFO 560274 --- [traffic-simulator] [ool-4-thread-17] c.t.engine.CommandDispatcher             : Spawn rate updated to 0.74 veh/s
2026-03-29T19:31:13.466+02:00  INFO 560274 --- [traffic-simulator] [ool-4-thread-18] c.t.engine.CommandDispatcher             : Spawn rate updated to 0.76 veh/s
2026-03-29T19:31:13.466+02:00  INFO 560274 --- [traffic-simulator] [ool-4-thread-18] c.t.engine.CommandDispatcher             : Spawn rate updated to 0.78 veh/s
2026-03-29T19:31:13.466+02:00  INFO 560274 --- [traffic-simulator] [ool-4-thread-20] c.t.engine.CommandDispatcher             : Spawn rate updated to 0.8 veh/s
2026-03-29T19:31:13.466+02:00  INFO 560274 --- [traffic-simulator] [ool-4-thread-19] c.t.engine.CommandDispatcher             : Spawn rate updated to 0.8200000000000001 veh/s
2026-03-29T19:31:13.466+02:00  INFO 560274 --- [traffic-simulator] [ool-4-thread-19] c.t.engine.CommandDispatcher             : Spawn rate updated to 0.84 veh/s
2026-03-29T19:31:13.466+02:00  INFO 560274 --- [traffic-simulator] [pool-4-thread-2] c.t.engine.CommandDispatcher             : Spawn rate updated to 0.86 veh/s
2026-03-29T19:31:13.466+02:00  INFO 560274 --- [traffic-simulator] [pool-4-thread-2] c.t.engine.CommandDispatcher             : Spawn rate updated to 0.88 veh/s
2026-03-29T19:31:13.466+02:00  INFO 560274 --- [traffic-simulator] [pool-4-thread-4] c.t.engine.CommandDispatcher             : Spawn rate updated to 0.9 veh/s
2026-03-29T19:31:13.467+02:00  INFO 560274 --- [traffic-simulator] [pool-4-thread-4] c.t.engine.CommandDispatcher             : Spawn rate updated to 0.92 veh/s
2026-03-29T19:31:13.467+02:00  INFO 560274 --- [traffic-simulator] [pool-4-thread-6] c.t.engine.CommandDispatcher             : Spawn rate updated to 0.9400000000000001 veh/s
2026-03-29T19:31:13.467+02:00  INFO 560274 --- [traffic-simulator] [pool-4-thread-6] c.t.engine.CommandDispatcher             : Spawn rate updated to 0.96 veh/s
2026-03-29T19:31:13.467+02:00  INFO 560274 --- [traffic-simulator] [pool-4-thread-6] c.t.engine.CommandDispatcher             : Spawn rate updated to 0.98 veh/s
2026-03-29T19:31:13.467+02:00  INFO 560274 --- [traffic-simulator] [pool-4-thread-5] c.t.engine.CommandDispatcher             : Spawn rate updated to 1.0 veh/s
2026-03-29T19:31:13.467+02:00  INFO 560274 --- [traffic-simulator] [pool-4-thread-5] c.t.engine.CommandDispatcher             : Spawn rate updated to 1.02 veh/s
2026-03-29T19:31:13.467+02:00  INFO 560274 --- [traffic-simulator] [pool-4-thread-7] c.t.engine.CommandDispatcher             : Spawn rate updated to 1.04 veh/s
2026-03-29T19:31:13.467+02:00  INFO 560274 --- [traffic-simulator] [pool-4-thread-9] c.t.engine.CommandDispatcher             : Spawn rate updated to 1.06 veh/s
2026-03-29T19:31:13.467+02:00  INFO 560274 --- [traffic-simulator] [pool-4-thread-9] c.t.engine.CommandDispatcher             : Spawn rate updated to 1.08 veh/s
2026-03-29T19:31:13.467+02:00  INFO 560274 --- [traffic-simulator] [ool-4-thread-12] c.t.engine.CommandDispatcher             : Spawn rate updated to 1.1 veh/s
2026-03-29T19:31:13.467+02:00  INFO 560274 --- [traffic-simulator] [ool-4-thread-10] c.t.engine.CommandDispatcher             : Spawn rate updated to 1.12 veh/s
2026-03-29T19:31:13.467+02:00  INFO 560274 --- [traffic-simulator] [ool-4-thread-10] c.t.engine.CommandDispatcher             : Spawn rate updated to 1.1400000000000001 veh/s
2026-03-29T19:31:13.467+02:00  INFO 560274 --- [traffic-simulator] [ool-4-thread-11] c.t.engine.CommandDispatcher             : Spawn rate updated to 1.16 veh/s
2026-03-29T19:31:13.467+02:00  INFO 560274 --- [traffic-simulator] [ool-4-thread-14] c.t.engine.CommandDispatcher             : Spawn rate updated to 1.18 veh/s
2026-03-29T19:31:13.467+02:00  INFO 560274 --- [traffic-simulator] [ool-4-thread-14] c.t.engine.CommandDispatcher             : Spawn rate updated to 1.2 veh/s
2026-03-29T19:31:13.467+02:00  INFO 560274 --- [traffic-simulator] [ool-4-thread-14] c.t.engine.CommandDispatcher             : Spawn rate updated to 1.22 veh/s
2026-03-29T19:31:13.467+02:00  INFO 560274 --- [traffic-simulator] [ool-4-thread-15] c.t.engine.CommandDispatcher             : Spawn rate updated to 1.26 veh/s
2026-03-29T19:31:13.467+02:00  INFO 560274 --- [traffic-simulator] [ool-4-thread-18] c.t.engine.CommandDispatcher             : Spawn rate updated to 1.24 veh/s
2026-03-29T19:31:13.467+02:00  INFO 560274 --- [traffic-simulator] [ool-4-thread-18] c.t.engine.CommandDispatcher             : Spawn rate updated to 1.28 veh/s
2026-03-29T19:31:13.467+02:00  INFO 560274 --- [traffic-simulator] [ool-4-thread-20] c.t.engine.CommandDispatcher             : Spawn rate updated to 1.3 veh/s
2026-03-29T19:31:13.468+02:00  INFO 560274 --- [traffic-simulator] [pool-4-thread-3] c.t.engine.CommandDispatcher             : Spawn rate updated to 1.32 veh/s
2026-03-29T19:31:13.468+02:00  INFO 560274 --- [traffic-simulator] [ool-4-thread-19] c.t.engine.CommandDispatcher             : Spawn rate updated to 1.34 veh/s
2026-03-29T19:31:13.468+02:00  INFO 560274 --- [traffic-simulator] [pool-4-thread-1] c.t.engine.CommandDispatcher             : Spawn rate updated to 1.36 veh/s
2026-03-29T19:31:13.468+02:00  INFO 560274 --- [traffic-simulator] [pool-4-thread-1] c.t.engine.CommandDispatcher             : Spawn rate updated to 1.3800000000000001 veh/s
2026-03-29T19:31:13.468+02:00  INFO 560274 --- [traffic-simulator] [pool-4-thread-1] c.t.engine.CommandDispatcher             : Spawn rate updated to 1.4000000000000001 veh/s
2026-03-29T19:31:13.468+02:00  INFO 560274 --- [traffic-simulator] [pool-4-thread-2] c.t.engine.CommandDispatcher             : Spawn rate updated to 1.42 veh/s
2026-03-29T19:31:13.468+02:00  INFO 560274 --- [traffic-simulator] [pool-4-thread-2] c.t.engine.CommandDispatcher             : Spawn rate updated to 1.44 veh/s
2026-03-29T19:31:13.468+02:00  INFO 560274 --- [traffic-simulator] [pool-4-thread-6] c.t.engine.CommandDispatcher             : Spawn rate updated to 1.46 veh/s
2026-03-29T19:31:13.468+02:00  INFO 560274 --- [traffic-simulator] [pool-4-thread-6] c.t.engine.CommandDispatcher             : Spawn rate updated to 1.48 veh/s
2026-03-29T19:31:13.468+02:00  INFO 560274 --- [traffic-simulator] [pool-4-thread-6] c.t.engine.CommandDispatcher             : Spawn rate updated to 1.5 veh/s
2026-03-29T19:31:13.468+02:00  INFO 560274 --- [traffic-simulator] [pool-4-thread-6] c.t.engine.CommandDispatcher             : Spawn rate updated to 1.52 veh/s
2026-03-29T19:31:13.468+02:00  INFO 560274 --- [traffic-simulator] [pool-4-thread-5] c.t.engine.CommandDispatcher             : Spawn rate updated to 1.54 veh/s
2026-03-29T19:31:13.468+02:00  INFO 560274 --- [traffic-simulator] [pool-4-thread-5] c.t.engine.CommandDispatcher             : Spawn rate updated to 1.56 veh/s
2026-03-29T19:31:13.468+02:00  INFO 560274 --- [traffic-simulator] [pool-4-thread-7] c.t.engine.CommandDispatcher             : Spawn rate updated to 1.58 veh/s
2026-03-29T19:31:13.468+02:00  INFO 560274 --- [traffic-simulator] [pool-4-thread-7] c.t.engine.CommandDispatcher             : Spawn rate updated to 1.6 veh/s
2026-03-29T19:31:13.468+02:00  INFO 560274 --- [traffic-simulator] [pool-4-thread-9] c.t.engine.CommandDispatcher             : Spawn rate updated to 1.62 veh/s
2026-03-29T19:31:13.468+02:00  INFO 560274 --- [traffic-simulator] [ool-4-thread-10] c.t.engine.CommandDispatcher             : Spawn rate updated to 1.6400000000000001 veh/s
2026-03-29T19:31:13.468+02:00  INFO 560274 --- [traffic-simulator] [ool-4-thread-10] c.t.engine.CommandDispatcher             : Spawn rate updated to 1.6600000000000001 veh/s
2026-03-29T19:31:13.468+02:00  INFO 560274 --- [traffic-simulator] [ool-4-thread-13] c.t.engine.CommandDispatcher             : Spawn rate updated to 1.68 veh/s
2026-03-29T19:31:13.468+02:00  INFO 560274 --- [traffic-simulator] [ool-4-thread-11] c.t.engine.CommandDispatcher             : Spawn rate updated to 1.7 veh/s
2026-03-29T19:31:13.468+02:00  INFO 560274 --- [traffic-simulator] [ool-4-thread-17] c.t.engine.CommandDispatcher             : Spawn rate updated to 1.72 veh/s
2026-03-29T19:31:13.468+02:00  INFO 560274 --- [traffic-simulator] [ool-4-thread-17] c.t.engine.CommandDispatcher             : Spawn rate updated to 1.74 veh/s
2026-03-29T19:31:13.469+02:00  INFO 560274 --- [traffic-simulator] [ool-4-thread-17] c.t.engine.CommandDispatcher             : Spawn rate updated to 1.76 veh/s
2026-03-29T19:31:13.469+02:00  INFO 560274 --- [traffic-simulator] [ool-4-thread-17] c.t.engine.CommandDispatcher             : Spawn rate updated to 1.78 veh/s
2026-03-29T19:31:13.469+02:00  INFO 560274 --- [traffic-simulator] [ool-4-thread-14] c.t.engine.CommandDispatcher             : Spawn rate updated to 1.8 veh/s
2026-03-29T19:31:13.469+02:00  INFO 560274 --- [traffic-simulator] [ool-4-thread-15] c.t.engine.CommandDispatcher             : Spawn rate updated to 1.82 veh/s
2026-03-29T19:31:13.469+02:00  INFO 560274 --- [traffic-simulator] [ool-4-thread-14] c.t.engine.CommandDispatcher             : Spawn rate updated to 1.84 veh/s
2026-03-29T19:31:13.469+02:00  INFO 560274 --- [traffic-simulator] [ool-4-thread-18] c.t.engine.CommandDispatcher             : Spawn rate updated to 1.86 veh/s
2026-03-29T19:31:13.469+02:00  INFO 560274 --- [traffic-simulator] [ool-4-thread-18] c.t.engine.CommandDispatcher             : Spawn rate updated to 1.8800000000000001 veh/s
2026-03-29T19:31:13.469+02:00  INFO 560274 --- [traffic-simulator] [pool-4-thread-3] c.t.engine.CommandDispatcher             : Spawn rate updated to 1.9000000000000001 veh/s
2026-03-29T19:31:13.469+02:00  INFO 560274 --- [traffic-simulator] [pool-4-thread-3] c.t.engine.CommandDispatcher             : Spawn rate updated to 1.92 veh/s
2026-03-29T19:31:13.469+02:00  INFO 560274 --- [traffic-simulator] [pool-4-thread-3] c.t.engine.CommandDispatcher             : Spawn rate updated to 1.94 veh/s
2026-03-29T19:31:13.469+02:00  INFO 560274 --- [traffic-simulator] [pool-4-thread-3] c.t.engine.CommandDispatcher             : Spawn rate updated to 1.96 veh/s
2026-03-29T19:31:13.469+02:00  INFO 560274 --- [traffic-simulator] [ool-4-thread-19] c.t.engine.CommandDispatcher             : Spawn rate updated to 1.98 veh/s
]]></system-out>
  </testcase>
  <testcase name="drainCompletesUnderLoad_noDeadlock" classname="com.trafficsimulator.engine.ConcurrencySafetyTest" time="0.003">
    <system-out><![CDATA[2026-03-29T19:31:13.470+02:00  INFO 560274 --- [traffic-simulator] [           main] c.t.engine.CommandDispatcher             : Simulation started
2026-03-29T19:31:13.471+02:00  INFO 560274 --- [traffic-simulator] [           main] c.t.engine.CommandDispatcher             : Spawn rate updated to 1.0 veh/s
2026-03-29T19:31:13.471+02:00  INFO 560274 --- [traffic-simulator] [           main] c.t.engine.CommandDispatcher             : Spawn rate updated to 1.0 veh/s
2026-03-29T19:31:13.471+02:00  INFO 560274 --- [traffic-simulator] [           main] c.t.engine.CommandDispatcher             : Spawn rate updated to 1.0 veh/s
2026-03-29T19:31:13.471+02:00  INFO 560274 --- [traffic-simulator] [           main] c.t.engine.CommandDispatcher             : Spawn rate updated to 1.0 veh/s
2026-03-29T19:31:13.471+02:00  INFO 560274 --- [traffic-simulator] [           main] c.t.engine.CommandDispatcher             : Spawn rate updated to 1.0 veh/s
2026-03-29T19:31:13.471+02:00  INFO 560274 --- [traffic-simulator] [           main] c.t.engine.CommandDispatcher             : Spawn rate updated to 1.0 veh/s
2026-03-29T19:31:13.471+02:00  INFO 560274 --- [traffic-simulator] [           main] c.t.engine.CommandDispatcher             : Spawn rate updated to 1.0 veh/s
2026-03-29T19:31:13.471+02:00  INFO 560274 --- [traffic-simulator] [           main] c.t.engine.CommandDispatcher             : Spawn rate updated to 1.0 veh/s
2026-03-29T19:31:13.471+02:00  INFO 560274 --- [traffic-simulator] [           main] c.t.engine.CommandDispatcher             : Spawn rate updated to 1.0 veh/s
2026-03-29T19:31:13.471+02:00  INFO 560274 --- [traffic-simulator] [           main] c.t.engine.CommandDispatcher             : Spawn rate updated to 1.0 veh/s
2026-03-29T19:31:13.471+02:00  INFO 560274 --- [traffic-simulator] [           main] c.t.engine.CommandDispatcher             : Spawn rate updated to 1.0 veh/s
2026-03-29T19:31:13.471+02:00  INFO 560274 --- [traffic-simulator] [           main] c.t.engine.CommandDispatcher             : Spawn rate updated to 1.0 veh/s
2026-03-29T19:31:13.471+02:00  INFO 560274 --- [traffic-simulator] [           main] c.t.engine.CommandDispatcher             : Spawn rate updated to 1.0 veh/s
2026-03-29T19:31:13.471+02:00  INFO 560274 --- [traffic-simulator] [           main] c.t.engine.CommandDispatcher             : Spawn rate updated to 1.0 veh/s
2026-03-29T19:31:13.471+02:00  INFO 560274 --- [traffic-simulator] [           main] c.t.engine.CommandDispatcher             : Spawn rate updated to 1.0 veh/s
2026-03-29T19:31:13.471+02:00  INFO 560274 --- [traffic-simulator] [           main] c.t.engine.CommandDispatcher             : Spawn rate updated to 1.0 veh/s
2026-03-29T19:31:13.471+02:00  INFO 560274 --- [traffic-simulator] [           main] c.t.engine.CommandDispatcher             : Spawn rate updated to 1.0 veh/s
2026-03-29T19:31:13.471+02:00  INFO 560274 --- [traffic-simulator] [           main] c.t.engine.CommandDispatcher             : Spawn rate updated to 1.0 veh/s
2026-03-29T19:31:13.471+02:00  INFO 560274 --- [traffic-simulator] [           main] c.t.engine.CommandDispatcher             : Spawn rate updated to 1.0 veh/s
2026-03-29T19:31:13.471+02:00  INFO 560274 --- [traffic-simulator] [           main] c.t.engine.CommandDispatcher             : Spawn rate updated to 1.0 veh/s
2026-03-29T19:31:13.471+02:00  INFO 560274 --- [traffic-simulator] [           main] c.t.engine.CommandDispatcher             : Spawn rate updated to 1.0 veh/s
2026-03-29T19:31:13.471+02:00  INFO 560274 --- [traffic-simulator] [           main] c.t.engine.CommandDispatcher             : Spawn rate updated to 1.0 veh/s
2026-03-29T19:31:13.471+02:00  INFO 560274 --- [traffic-simulator] [           main] c.t.engine.CommandDispatcher             : Spawn rate updated to 1.0 veh/s
2026-03-29T19:31:13.471+02:00  INFO 560274 --- [traffic-simulator] [           main] c.t.engine.CommandDispatcher             : Spawn rate updated to 1.0 veh/s
2026-03-29T19:31:13.471+02:00  INFO 560274 --- [traffic-simulator] [           main] c.t.engine.CommandDispatcher             : Spawn rate updated to 1.0 veh/s
2026-03-29T19:31:13.471+02:00  INFO 560274 --- [traffic-simulator] [           main] c.t.engine.CommandDispatcher             : Spawn rate updated to 1.0 veh/s
2026-03-29T19:31:13.471+02:00  INFO 560274 --- [traffic-simulator] [           main] c.t.engine.CommandDispatcher             : Spawn rate updated to 1.0 veh/s
2026-03-29T19:31:13.471+02:00  INFO 560274 --- [traffic-simulator] [           main] c.t.engine.CommandDispatcher             : Spawn rate updated to 1.0 veh/s
2026-03-29T19:31:13.471+02:00  INFO 560274 --- [traffic-simulator] [           main] c.t.engine.CommandDispatcher             : Spawn rate updated to 1.0 veh/s
2026-03-29T19:31:13.471+02:00  INFO 560274 --- [traffic-simulator] [           main] c.t.engine.CommandDispatcher             : Spawn rate updated to 1.0 veh/s
2026-03-29T19:31:13.471+02:00  INFO 560274 --- [traffic-simulator] [           main] c.t.engine.CommandDispatcher             : Spawn rate updated to 1.0 veh/s
2026-03-29T19:31:13.471+02:00  INFO 560274 --- [traffic-simulator] [           main] c.t.engine.CommandDispatcher             : Spawn rate updated to 1.0 veh/s
2026-03-29T19:31:13.471+02:00  INFO 560274 --- [traffic-simulator] [           main] c.t.engine.CommandDispatcher             : Spawn rate updated to 1.0 veh/s
2026-03-29T19:31:13.471+02:00  INFO 560274 --- [traffic-simulator] [           main] c.t.engine.CommandDispatcher             : Spawn rate updated to 1.0 veh/s
2026-03-29T19:31:13.471+02:00  INFO 560274 --- [traffic-simulator] [           main] c.t.engine.CommandDispatcher             : Spawn rate updated to 1.0 veh/s
2026-03-29T19:31:13.471+02:00  INFO 560274 --- [traffic-simulator] [           main] c.t.engine.CommandDispatcher             : Spawn rate updated to 1.0 veh/s
2026-03-29T19:31:13.471+02:00  INFO 560274 --- [traffic-simulator] [           main] c.t.engine.CommandDispatcher             : Spawn rate updated to 1.0 veh/s
2026-03-29T19:31:13.471+02:00  INFO 560274 --- [traffic-simulator] [           main] c.t.engine.CommandDispatcher             : Spawn rate updated to 1.0 veh/s
2026-03-29T19:31:13.471+02:00  INFO 560274 --- [traffic-simulator] [           main] c.t.engine.CommandDispatcher             : Spawn rate updated to 1.0 veh/s
2026-03-29T19:31:13.471+02:00  INFO 560274 --- [traffic-simulator] [           main] c.t.engine.CommandDispatcher             : Spawn rate updated to 1.0 veh/s
2026-03-29T19:31:13.471+02:00  INFO 560274 --- [traffic-simulator] [           main] c.t.engine.CommandDispatcher             : Spawn rate updated to 1.0 veh/s
2026-03-29T19:31:13.471+02:00  INFO 560274 --- [traffic-simulator] [           main] c.t.engine.CommandDispatcher             : Spawn rate updated to 1.0 veh/s
2026-03-29T19:31:13.471+02:00  INFO 560274 --- [traffic-simulator] [           main] c.t.engine.CommandDispatcher             : Spawn rate updated to 1.0 veh/s
2026-03-29T19:31:13.471+02:00  INFO 560274 --- [traffic-simulator] [           main] c.t.engine.CommandDispatcher             : Spawn rate updated to 1.0 veh/s
2026-03-29T19:31:13.471+02:00  INFO 560274 --- [traffic-simulator] [           main] c.t.engine.CommandDispatcher             : Spawn rate updated to 1.0 veh/s
2026-03-29T19:31:13.471+02:00  INFO 560274 --- [traffic-simulator] [           main] c.t.engine.CommandDispatcher             : Spawn rate updated to 1.0 veh/s
2026-03-29T19:31:13.471+02:00  INFO 560274 --- [traffic-simulator] [           main] c.t.engine.CommandDispatcher             : Spawn rate updated to 1.0 veh/s
2026-03-29T19:31:13.471+02:00  INFO 560274 --- [traffic-simulator] [           main] c.t.engine.CommandDispatcher             : Spawn rate updated to 1.0 veh/s
2026-03-29T19:31:13.471+02:00  INFO 560274 --- [traffic-simulator] [           main] c.t.engine.CommandDispatcher             : Spawn rate updated to 1.0 veh/s
2026-03-29T19:31:13.471+02:00  INFO 560274 --- [traffic-simulator] [           main] c.t.engine.CommandDispatcher             : Spawn rate updated to 1.0 veh/s
]]></system-out>
  </testcase>
</testsuite>